[0.014s] Invoking command in '/robot/Automan-hunter/Workspace/ros2_ws/build/hunter_description': CMAKE_PREFIX_PATH=${CMAKE_PREFIX_PATH}:/opt/ros/foxy /usr/bin/cmake --build /robot/Automan-hunter/Workspace/ros2_ws/build/hunter_description -- -j24 -l24
[0.035s] Invoked command in '/robot/Automan-hunter/Workspace/ros2_ws/build/hunter_description' returned '0': CMAKE_PREFIX_PATH=${CMAKE_PREFIX_PATH}:/opt/ros/foxy /usr/bin/cmake --build /robot/Automan-hunter/Workspace/ros2_ws/build/hunter_description -- -j24 -l24
[0.058s] Invoking command in '/robot/Automan-hunter/Workspace/ros2_ws/build/hunter_description': CMAKE_PREFIX_PATH=${CMAKE_PREFIX_PATH}:/opt/ros/foxy /usr/bin/cmake --install /robot/Automan-hunter/Workspace/ros2_ws/build/hunter_description
[0.062s] -- Install configuration: ""
[0.062s] -- Up-to-date: /robot/Automan-hunter/Workspace/ros2_ws/install/hunter_description/share/hunter_description//launch
[0.062s] -- Up-to-date: /robot/Automan-hunter/Workspace/ros2_ws/install/hunter_description/share/hunter_description//launch/hunter_gazebo.launch.py
[0.063s] -- Up-to-date: /robot/Automan-hunter/Workspace/ros2_ws/install/hunter_description/share/hunter_description//launch/hunter_base_description.launch.py
[0.063s] -- Up-to-date: /robot/Automan-hunter/Workspace/ros2_ws/install/hunter_description/share/hunter_description//urdf
[0.063s] -- Up-to-date: /robot/Automan-hunter/Workspace/ros2_ws/install/hunter_description/share/hunter_description//urdf/hunter_v1_ntunav_gazebo.urdf
[0.063s] -- Up-to-date: /robot/Automan-hunter/Workspace/ros2_ws/install/hunter_description/share/hunter_description//urdf/hunter_v1_nav.urdf
[0.063s] -- Up-to-date: /robot/Automan-hunter/Workspace/ros2_ws/install/hunter_description/share/hunter_description//urdf/hunter_v1_nav.xacro
[0.063s] -- Up-to-date: /robot/Automan-hunter/Workspace/ros2_ws/install/hunter_description/share/hunter_description//urdf/hunter_v1_base.xacro
[0.063s] -- Up-to-date: /robot/Automan-hunter/Workspace/ros2_ws/install/hunter_description/share/hunter_description//urdf/hunter_v1_sim.xacro
[0.063s] -- Up-to-date: /robot/Automan-hunter/Workspace/ros2_ws/install/hunter_description/share/hunter_description//urdf/hunter_v1_ntunav.urdf
[0.063s] -- Up-to-date: /robot/Automan-hunter/Workspace/ros2_ws/install/hunter_description/share/hunter_description//urdf/hunter_v1_ntunav.xacro
[0.063s] -- Up-to-date: /robot/Automan-hunter/Workspace/ros2_ws/install/hunter_description/share/hunter_description//urdf/hunter_v1_sim.urdf
[0.063s] -- Installing: /robot/Automan-hunter/Workspace/ros2_ws/install/hunter_description/share/hunter_description//urdf/hunter_v1_ntunav_gazebo.xacro
[0.063s] -- Up-to-date: /robot/Automan-hunter/Workspace/ros2_ws/install/hunter_description/share/hunter_description//meshes
[0.063s] -- Up-to-date: /robot/Automan-hunter/Workspace/ros2_ws/install/hunter_description/share/hunter_description//meshes/wheel_rr.dae
[0.063s] -- Up-to-date: /robot/Automan-hunter/Workspace/ros2_ws/install/hunter_description/share/hunter_description//meshes/base_link.dae
[0.063s] -- Up-to-date: /robot/Automan-hunter/Workspace/ros2_ws/install/hunter_description/share/hunter_description//meshes/hub_shape.stl
[0.063s] -- Up-to-date: /robot/Automan-hunter/Workspace/ros2_ws/install/hunter_description/share/hunter_description//meshes/wheel_rl.dae
[0.063s] -- Up-to-date: /robot/Automan-hunter/Workspace/ros2_ws/install/hunter_description/share/hunter_description//meshes/wheel_fr.dae
[0.064s] -- Up-to-date: /robot/Automan-hunter/Workspace/ros2_ws/install/hunter_description/share/hunter_description//meshes/steer_conn_fl.dae
[0.064s] -- Up-to-date: /robot/Automan-hunter/Workspace/ros2_ws/install/hunter_description/share/hunter_description//meshes/steer_conn_fr.dae
[0.064s] -- Up-to-date: /robot/Automan-hunter/Workspace/ros2_ws/install/hunter_description/share/hunter_description//meshes/wheel_fl.dae
[0.064s] -- Up-to-date: /robot/Automan-hunter/Workspace/ros2_ws/install/hunter_description/share/hunter_description//rviz
[0.064s] -- Up-to-date: /robot/Automan-hunter/Workspace/ros2_ws/install/hunter_description/share/hunter_description//rviz/viz.rviz
[0.064s] -- Up-to-date: /robot/Automan-hunter/Workspace/ros2_ws/install/hunter_description/share/hunter_description//world
[0.065s] -- Up-to-date: /robot/Automan-hunter/Workspace/ros2_ws/install/hunter_description/share/hunter_description//world/my_world.sdf
[0.065s] -- Up-to-date: /robot/Automan-hunter/Workspace/ros2_ws/install/hunter_description/share/ament_index/resource_index/package_run_dependencies/hunter_description
[0.065s] -- Up-to-date: /robot/Automan-hunter/Workspace/ros2_ws/install/hunter_description/share/ament_index/resource_index/parent_prefix_path/hunter_description
[0.065s] -- Up-to-date: /robot/Automan-hunter/Workspace/ros2_ws/install/hunter_description/share/hunter_description/environment/ament_prefix_path.sh
[0.065s] -- Up-to-date: /robot/Automan-hunter/Workspace/ros2_ws/install/hunter_description/share/hunter_description/environment/ament_prefix_path.dsv
[0.065s] -- Up-to-date: /robot/Automan-hunter/Workspace/ros2_ws/install/hunter_description/share/hunter_description/environment/path.sh
[0.066s] -- Up-to-date: /robot/Automan-hunter/Workspace/ros2_ws/install/hunter_description/share/hunter_description/environment/path.dsv
[0.066s] -- Up-to-date: /robot/Automan-hunter/Workspace/ros2_ws/install/hunter_description/share/hunter_description/local_setup.bash
[0.066s] -- Up-to-date: /robot/Automan-hunter/Workspace/ros2_ws/install/hunter_description/share/hunter_description/local_setup.sh
[0.066s] -- Up-to-date: /robot/Automan-hunter/Workspace/ros2_ws/install/hunter_description/share/hunter_description/local_setup.zsh
[0.066s] -- Up-to-date: /robot/Automan-hunter/Workspace/ros2_ws/install/hunter_description/share/hunter_description/local_setup.dsv
[0.066s] -- Installing: /robot/Automan-hunter/Workspace/ros2_ws/install/hunter_description/share/hunter_description/package.dsv
[0.066s] -- Up-to-date: /robot/Automan-hunter/Workspace/ros2_ws/install/hunter_description/share/ament_index/resource_index/packages/hunter_description
[0.066s] -- Up-to-date: /robot/Automan-hunter/Workspace/ros2_ws/install/hunter_description/share/hunter_description/cmake/hunter_descriptionConfig.cmake
[0.066s] -- Up-to-date: /robot/Automan-hunter/Workspace/ros2_ws/install/hunter_description/share/hunter_description/cmake/hunter_descriptionConfig-version.cmake
[0.066s] -- Up-to-date: /robot/Automan-hunter/Workspace/ros2_ws/install/hunter_description/share/hunter_description/package.xml
[0.068s] Invoked command in '/robot/Automan-hunter/Workspace/ros2_ws/build/hunter_description' returned '0': CMAKE_PREFIX_PATH=${CMAKE_PREFIX_PATH}:/opt/ros/foxy /usr/bin/cmake --install /robot/Automan-hunter/Workspace/ros2_ws/build/hunter_description
