[0.019s] Invoking command in '/robot/Automan-hunter/Workspace/ros2_ws/build/hunter_msgs': CMAKE_PREFIX_PATH=${CMAKE_PREFIX_PATH}:/opt/ros/foxy /usr/bin/cmake --build /robot/Automan-hunter/Workspace/ros2_ws/build/hunter_msgs -- -j24 -l24
[0.064s] [  2%] Built target hunter_msgs__cpp
[0.067s] [ 12%] Built target hunter_msgs__rosidl_generator_c
[0.080s] [ 23%] Built target hunter_msgs__rosidl_typesupport_introspection_cpp
[0.080s] [ 33%] Built target hunter_msgs__rosidl_typesupport_cpp
[0.082s] [ 43%] Built target hunter_msgs__rosidl_typesupport_c
[0.084s] [ 53%] Built target hunter_msgs__rosidl_typesupport_introspection_c
[0.086s] [ 64%] Built target hunter_msgs__rosidl_typesupport_fastrtps_cpp
[0.102s] [ 74%] Built target hunter_msgs__rosidl_typesupport_fastrtps_c
[0.114s] [ 74%] Built target hunter_msgs
[0.127s] [ 76%] Built target hunter_msgs__py
[0.143s] [ 84%] Built target hunter_msgs__python
[0.160s] [ 89%] Built target hunter_msgs__rosidl_typesupport_fastrtps_c__pyext
[0.160s] [ 94%] Built target hunter_msgs__rosidl_typesupport_introspection_c__pyext
[0.160s] [100%] Built target hunter_msgs__rosidl_typesupport_c__pyext
[0.167s] Invoked command in '/robot/Automan-hunter/Workspace/ros2_ws/build/hunter_msgs' returned '0': CMAKE_PREFIX_PATH=${CMAKE_PREFIX_PATH}:/opt/ros/foxy /usr/bin/cmake --build /robot/Automan-hunter/Workspace/ros2_ws/build/hunter_msgs -- -j24 -l24
[0.201s] Invoking command in '/robot/Automan-hunter/Workspace/ros2_ws/build/hunter_msgs': CMAKE_PREFIX_PATH=${CMAKE_PREFIX_PATH}:/opt/ros/foxy /usr/bin/cmake --install /robot/Automan-hunter/Workspace/ros2_ws/build/hunter_msgs
[0.205s] -- Install configuration: ""
[0.205s] -- Up-to-date: /robot/Automan-hunter/Workspace/ros2_ws/install/hunter_msgs/share/ament_index/resource_index/rosidl_interfaces/hunter_msgs
[0.205s] -- Up-to-date: /robot/Automan-hunter/Workspace/ros2_ws/install/hunter_msgs/include/hunter_msgs
[0.206s] -- Up-to-date: /robot/Automan-hunter/Workspace/ros2_ws/install/hunter_msgs/include/hunter_msgs/msg
[0.206s] -- Up-to-date: /robot/Automan-hunter/Workspace/ros2_ws/install/hunter_msgs/include/hunter_msgs/msg/detail
[0.206s] -- Up-to-date: /robot/Automan-hunter/Workspace/ros2_ws/install/hunter_msgs/include/hunter_msgs/msg/detail/hunter_status__type_support.h
[0.206s] -- Up-to-date: /robot/Automan-hunter/Workspace/ros2_ws/install/hunter_msgs/include/hunter_msgs/msg/detail/hunter_status__struct.h
[0.206s] -- Up-to-date: /robot/Automan-hunter/Workspace/ros2_ws/install/hunter_msgs/include/hunter_msgs/msg/detail/hunter_actuator_state__struct.h
[0.206s] -- Up-to-date: /robot/Automan-hunter/Workspace/ros2_ws/install/hunter_msgs/include/hunter_msgs/msg/detail/hunter_actuator_state__functions.c
[0.206s] -- Up-to-date: /robot/Automan-hunter/Workspace/ros2_ws/install/hunter_msgs/include/hunter_msgs/msg/detail/hunter_actuator_state__type_support.h
[0.206s] -- Up-to-date: /robot/Automan-hunter/Workspace/ros2_ws/install/hunter_msgs/include/hunter_msgs/msg/detail/hunter_status__functions.c
[0.206s] -- Up-to-date: /robot/Automan-hunter/Workspace/ros2_ws/install/hunter_msgs/include/hunter_msgs/msg/detail/hunter_status__functions.h
[0.206s] -- Up-to-date: /robot/Automan-hunter/Workspace/ros2_ws/install/hunter_msgs/include/hunter_msgs/msg/detail/hunter_actuator_state__functions.h
[0.206s] -- Up-to-date: /robot/Automan-hunter/Workspace/ros2_ws/install/hunter_msgs/include/hunter_msgs/msg/hunter_actuator_state.h
[0.206s] -- Up-to-date: /robot/Automan-hunter/Workspace/ros2_ws/install/hunter_msgs/include/hunter_msgs/msg/hunter_status.h
[0.206s] -- Up-to-date: /robot/Automan-hunter/Workspace/ros2_ws/install/hunter_msgs/include/hunter_msgs/msg/rosidl_generator_c__visibility_control.h
[0.206s] -- Up-to-date: /robot/Automan-hunter/Workspace/ros2_ws/install/hunter_msgs/share/hunter_msgs/environment/library_path.sh
[0.206s] -- Up-to-date: /robot/Automan-hunter/Workspace/ros2_ws/install/hunter_msgs/share/hunter_msgs/environment/library_path.dsv
[0.206s] -- Up-to-date: /robot/Automan-hunter/Workspace/ros2_ws/install/hunter_msgs/lib/libhunter_msgs__rosidl_generator_c.so
[0.206s] -- Up-to-date: /robot/Automan-hunter/Workspace/ros2_ws/install/hunter_msgs/include/hunter_msgs
[0.206s] -- Up-to-date: /robot/Automan-hunter/Workspace/ros2_ws/install/hunter_msgs/include/hunter_msgs/msg
[0.206s] -- Up-to-date: /robot/Automan-hunter/Workspace/ros2_ws/install/hunter_msgs/include/hunter_msgs/msg/rosidl_typesupport_fastrtps_c__visibility_control.h
[0.207s] -- Up-to-date: /robot/Automan-hunter/Workspace/ros2_ws/install/hunter_msgs/include/hunter_msgs/msg/detail
[0.207s] -- Up-to-date: /robot/Automan-hunter/Workspace/ros2_ws/install/hunter_msgs/include/hunter_msgs/msg/detail/hunter_actuator_state__rosidl_typesupport_fastrtps_c.h
[0.207s] -- Up-to-date: /robot/Automan-hunter/Workspace/ros2_ws/install/hunter_msgs/include/hunter_msgs/msg/detail/hunter_status__rosidl_typesupport_fastrtps_c.h
[0.207s] -- Up-to-date: /robot/Automan-hunter/Workspace/ros2_ws/install/hunter_msgs/lib/libhunter_msgs__rosidl_typesupport_fastrtps_c.so
[0.207s] -- Up-to-date: /robot/Automan-hunter/Workspace/ros2_ws/install/hunter_msgs/include/hunter_msgs
[0.207s] -- Up-to-date: /robot/Automan-hunter/Workspace/ros2_ws/install/hunter_msgs/include/hunter_msgs/msg
[0.207s] -- Up-to-date: /robot/Automan-hunter/Workspace/ros2_ws/install/hunter_msgs/include/hunter_msgs/msg/rosidl_typesupport_fastrtps_cpp__visibility_control.h
[0.207s] -- Up-to-date: /robot/Automan-hunter/Workspace/ros2_ws/install/hunter_msgs/include/hunter_msgs/msg/detail
[0.207s] -- Up-to-date: /robot/Automan-hunter/Workspace/ros2_ws/install/hunter_msgs/include/hunter_msgs/msg/detail/dds_fastrtps
[0.207s] -- Up-to-date: /robot/Automan-hunter/Workspace/ros2_ws/install/hunter_msgs/include/hunter_msgs/msg/detail/hunter_status__rosidl_typesupport_fastrtps_cpp.hpp
[0.207s] -- Up-to-date: /robot/Automan-hunter/Workspace/ros2_ws/install/hunter_msgs/include/hunter_msgs/msg/detail/hunter_actuator_state__rosidl_typesupport_fastrtps_cpp.hpp
[0.207s] -- Up-to-date: /robot/Automan-hunter/Workspace/ros2_ws/install/hunter_msgs/lib/libhunter_msgs__rosidl_typesupport_fastrtps_cpp.so
[0.207s] -- Up-to-date: /robot/Automan-hunter/Workspace/ros2_ws/install/hunter_msgs/include/hunter_msgs
[0.207s] -- Up-to-date: /robot/Automan-hunter/Workspace/ros2_ws/install/hunter_msgs/include/hunter_msgs/msg
[0.207s] -- Up-to-date: /robot/Automan-hunter/Workspace/ros2_ws/install/hunter_msgs/include/hunter_msgs/msg/detail
[0.207s] -- Up-to-date: /robot/Automan-hunter/Workspace/ros2_ws/install/hunter_msgs/include/hunter_msgs/msg/detail/hunter_actuator_state__type_support.c
[0.207s] -- Up-to-date: /robot/Automan-hunter/Workspace/ros2_ws/install/hunter_msgs/include/hunter_msgs/msg/detail/hunter_actuator_state__rosidl_typesupport_introspection_c.h
[0.207s] -- Up-to-date: /robot/Automan-hunter/Workspace/ros2_ws/install/hunter_msgs/include/hunter_msgs/msg/detail/hunter_status__rosidl_typesupport_introspection_c.h
[0.207s] -- Up-to-date: /robot/Automan-hunter/Workspace/ros2_ws/install/hunter_msgs/include/hunter_msgs/msg/detail/hunter_status__type_support.c
[0.207s] -- Up-to-date: /robot/Automan-hunter/Workspace/ros2_ws/install/hunter_msgs/include/hunter_msgs/msg/rosidl_typesupport_introspection_c__visibility_control.h
[0.208s] -- Up-to-date: /robot/Automan-hunter/Workspace/ros2_ws/install/hunter_msgs/lib/libhunter_msgs__rosidl_typesupport_introspection_c.so
[0.208s] -- Up-to-date: /robot/Automan-hunter/Workspace/ros2_ws/install/hunter_msgs/lib/libhunter_msgs__rosidl_typesupport_c.so
[0.208s] -- Up-to-date: /robot/Automan-hunter/Workspace/ros2_ws/install/hunter_msgs/include/hunter_msgs
[0.208s] -- Up-to-date: /robot/Automan-hunter/Workspace/ros2_ws/install/hunter_msgs/include/hunter_msgs/msg
[0.208s] -- Up-to-date: /robot/Automan-hunter/Workspace/ros2_ws/install/hunter_msgs/include/hunter_msgs/msg/detail
[0.208s] -- Up-to-date: /robot/Automan-hunter/Workspace/ros2_ws/install/hunter_msgs/include/hunter_msgs/msg/detail/hunter_actuator_state__builder.hpp
[0.208s] -- Up-to-date: /robot/Automan-hunter/Workspace/ros2_ws/install/hunter_msgs/include/hunter_msgs/msg/detail/hunter_status__builder.hpp
[0.208s] -- Up-to-date: /robot/Automan-hunter/Workspace/ros2_ws/install/hunter_msgs/include/hunter_msgs/msg/detail/hunter_status__struct.hpp
[0.208s] -- Up-to-date: /robot/Automan-hunter/Workspace/ros2_ws/install/hunter_msgs/include/hunter_msgs/msg/detail/hunter_actuator_state__traits.hpp
[0.208s] -- Up-to-date: /robot/Automan-hunter/Workspace/ros2_ws/install/hunter_msgs/include/hunter_msgs/msg/detail/hunter_status__traits.hpp
[0.208s] -- Up-to-date: /robot/Automan-hunter/Workspace/ros2_ws/install/hunter_msgs/include/hunter_msgs/msg/detail/hunter_actuator_state__struct.hpp
[0.208s] -- Up-to-date: /robot/Automan-hunter/Workspace/ros2_ws/install/hunter_msgs/include/hunter_msgs/msg/hunter_actuator_state.hpp
[0.208s] -- Up-to-date: /robot/Automan-hunter/Workspace/ros2_ws/install/hunter_msgs/include/hunter_msgs/msg/hunter_status.hpp
[0.208s] -- Up-to-date: /robot/Automan-hunter/Workspace/ros2_ws/install/hunter_msgs/include/hunter_msgs
[0.208s] -- Up-to-date: /robot/Automan-hunter/Workspace/ros2_ws/install/hunter_msgs/include/hunter_msgs/msg
[0.208s] -- Up-to-date: /robot/Automan-hunter/Workspace/ros2_ws/install/hunter_msgs/include/hunter_msgs/msg/detail
[0.209s] -- Up-to-date: /robot/Automan-hunter/Workspace/ros2_ws/install/hunter_msgs/include/hunter_msgs/msg/detail/hunter_status__rosidl_typesupport_introspection_cpp.hpp
[0.209s] -- Up-to-date: /robot/Automan-hunter/Workspace/ros2_ws/install/hunter_msgs/include/hunter_msgs/msg/detail/hunter_actuator_state__rosidl_typesupport_introspection_cpp.hpp
[0.209s] -- Up-to-date: /robot/Automan-hunter/Workspace/ros2_ws/install/hunter_msgs/include/hunter_msgs/msg/detail/hunter_status__type_support.cpp
[0.209s] -- Up-to-date: /robot/Automan-hunter/Workspace/ros2_ws/install/hunter_msgs/include/hunter_msgs/msg/detail/hunter_actuator_state__type_support.cpp
[0.209s] -- Up-to-date: /robot/Automan-hunter/Workspace/ros2_ws/install/hunter_msgs/lib/libhunter_msgs__rosidl_typesupport_introspection_cpp.so
[0.209s] -- Up-to-date: /robot/Automan-hunter/Workspace/ros2_ws/install/hunter_msgs/lib/libhunter_msgs__rosidl_typesupport_cpp.so
[0.209s] -- Up-to-date: /robot/Automan-hunter/Workspace/ros2_ws/install/hunter_msgs/share/hunter_msgs/environment/pythonpath.sh
[0.209s] -- Up-to-date: /robot/Automan-hunter/Workspace/ros2_ws/install/hunter_msgs/share/hunter_msgs/environment/pythonpath.dsv
[0.209s] -- Up-to-date: /robot/Automan-hunter/Workspace/ros2_ws/install/hunter_msgs/lib/python3.8/site-packages/hunter_msgs/__init__.py
[0.231s] -- Up-to-date: /robot/Automan-hunter/Workspace/ros2_ws/install/hunter_msgs/lib/python3.8/site-packages/hunter_msgs/msg
[0.231s] -- Up-to-date: /robot/Automan-hunter/Workspace/ros2_ws/install/hunter_msgs/lib/python3.8/site-packages/hunter_msgs/msg/_hunter_status.py
[0.231s] -- Up-to-date: /robot/Automan-hunter/Workspace/ros2_ws/install/hunter_msgs/lib/python3.8/site-packages/hunter_msgs/msg/_hunter_actuator_state_s.c
[0.231s] -- Up-to-date: /robot/Automan-hunter/Workspace/ros2_ws/install/hunter_msgs/lib/python3.8/site-packages/hunter_msgs/msg/_hunter_status_s.c
[0.231s] -- Up-to-date: /robot/Automan-hunter/Workspace/ros2_ws/install/hunter_msgs/lib/python3.8/site-packages/hunter_msgs/msg/__init__.py
[0.231s] -- Up-to-date: /robot/Automan-hunter/Workspace/ros2_ws/install/hunter_msgs/lib/python3.8/site-packages/hunter_msgs/msg/_hunter_actuator_state.py
[0.231s] -- Up-to-date: /robot/Automan-hunter/Workspace/ros2_ws/install/hunter_msgs/lib/python3.8/site-packages/hunter_msgs/hunter_msgs_s__rosidl_typesupport_fastrtps_c.cpython-38-x86_64-linux-gnu.so
[0.232s] -- Up-to-date: /robot/Automan-hunter/Workspace/ros2_ws/install/hunter_msgs/lib/python3.8/site-packages/hunter_msgs/hunter_msgs_s__rosidl_typesupport_introspection_c.cpython-38-x86_64-linux-gnu.so
[0.233s] -- Up-to-date: /robot/Automan-hunter/Workspace/ros2_ws/install/hunter_msgs/lib/python3.8/site-packages/hunter_msgs/hunter_msgs_s__rosidl_typesupport_c.cpython-38-x86_64-linux-gnu.so
[0.233s] -- Up-to-date: /robot/Automan-hunter/Workspace/ros2_ws/install/hunter_msgs/lib/libhunter_msgs__python.so
[0.233s] -- Up-to-date: /robot/Automan-hunter/Workspace/ros2_ws/install/hunter_msgs/share/hunter_msgs/msg/HunterActuatorState.idl
[0.233s] -- Up-to-date: /robot/Automan-hunter/Workspace/ros2_ws/install/hunter_msgs/share/hunter_msgs/msg/HunterStatus.idl
[0.233s] -- Up-to-date: /robot/Automan-hunter/Workspace/ros2_ws/install/hunter_msgs/share/hunter_msgs/msg/HunterActuatorState.msg
[0.233s] -- Up-to-date: /robot/Automan-hunter/Workspace/ros2_ws/install/hunter_msgs/share/hunter_msgs/msg/HunterStatus.msg
[0.234s] -- Up-to-date: /robot/Automan-hunter/Workspace/ros2_ws/install/hunter_msgs/share/ament_index/resource_index/package_run_dependencies/hunter_msgs
[0.234s] -- Up-to-date: /robot/Automan-hunter/Workspace/ros2_ws/install/hunter_msgs/share/ament_index/resource_index/parent_prefix_path/hunter_msgs
[0.234s] -- Up-to-date: /robot/Automan-hunter/Workspace/ros2_ws/install/hunter_msgs/share/hunter_msgs/environment/ament_prefix_path.sh
[0.234s] -- Up-to-date: /robot/Automan-hunter/Workspace/ros2_ws/install/hunter_msgs/share/hunter_msgs/environment/ament_prefix_path.dsv
[0.234s] -- Up-to-date: /robot/Automan-hunter/Workspace/ros2_ws/install/hunter_msgs/share/hunter_msgs/environment/path.sh
[0.234s] -- Up-to-date: /robot/Automan-hunter/Workspace/ros2_ws/install/hunter_msgs/share/hunter_msgs/environment/path.dsv
[0.234s] -- Up-to-date: /robot/Automan-hunter/Workspace/ros2_ws/install/hunter_msgs/share/hunter_msgs/local_setup.bash
[0.234s] -- Up-to-date: /robot/Automan-hunter/Workspace/ros2_ws/install/hunter_msgs/share/hunter_msgs/local_setup.sh
[0.234s] -- Up-to-date: /robot/Automan-hunter/Workspace/ros2_ws/install/hunter_msgs/share/hunter_msgs/local_setup.zsh
[0.234s] -- Up-to-date: /robot/Automan-hunter/Workspace/ros2_ws/install/hunter_msgs/share/hunter_msgs/local_setup.dsv
[0.234s] -- Installing: /robot/Automan-hunter/Workspace/ros2_ws/install/hunter_msgs/share/hunter_msgs/package.dsv
[0.234s] -- Up-to-date: /robot/Automan-hunter/Workspace/ros2_ws/install/hunter_msgs/share/ament_index/resource_index/packages/hunter_msgs
[0.235s] -- Up-to-date: /robot/Automan-hunter/Workspace/ros2_ws/install/hunter_msgs/share/hunter_msgs/cmake/hunter_msgs__rosidl_generator_cExport.cmake
[0.235s] -- Up-to-date: /robot/Automan-hunter/Workspace/ros2_ws/install/hunter_msgs/share/hunter_msgs/cmake/hunter_msgs__rosidl_generator_cExport-noconfig.cmake
[0.235s] -- Up-to-date: /robot/Automan-hunter/Workspace/ros2_ws/install/hunter_msgs/share/hunter_msgs/cmake/hunter_msgs__rosidl_typesupport_introspection_cExport.cmake
[0.235s] -- Up-to-date: /robot/Automan-hunter/Workspace/ros2_ws/install/hunter_msgs/share/hunter_msgs/cmake/hunter_msgs__rosidl_typesupport_introspection_cExport-noconfig.cmake
[0.235s] -- Up-to-date: /robot/Automan-hunter/Workspace/ros2_ws/install/hunter_msgs/share/hunter_msgs/cmake/hunter_msgs__rosidl_typesupport_cExport.cmake
[0.235s] -- Up-to-date: /robot/Automan-hunter/Workspace/ros2_ws/install/hunter_msgs/share/hunter_msgs/cmake/hunter_msgs__rosidl_typesupport_cExport-noconfig.cmake
[0.236s] -- Up-to-date: /robot/Automan-hunter/Workspace/ros2_ws/install/hunter_msgs/share/hunter_msgs/cmake/hunter_msgs__rosidl_generator_cppExport.cmake
[0.236s] -- Up-to-date: /robot/Automan-hunter/Workspace/ros2_ws/install/hunter_msgs/share/hunter_msgs/cmake/hunter_msgs__rosidl_typesupport_introspection_cppExport.cmake
[0.236s] -- Up-to-date: /robot/Automan-hunter/Workspace/ros2_ws/install/hunter_msgs/share/hunter_msgs/cmake/hunter_msgs__rosidl_typesupport_introspection_cppExport-noconfig.cmake
[0.236s] -- Up-to-date: /robot/Automan-hunter/Workspace/ros2_ws/install/hunter_msgs/share/hunter_msgs/cmake/hunter_msgs__rosidl_typesupport_cppExport.cmake
[0.236s] -- Up-to-date: /robot/Automan-hunter/Workspace/ros2_ws/install/hunter_msgs/share/hunter_msgs/cmake/hunter_msgs__rosidl_typesupport_cppExport-noconfig.cmake
[0.236s] -- Up-to-date: /robot/Automan-hunter/Workspace/ros2_ws/install/hunter_msgs/share/hunter_msgs/cmake/rosidl_cmake-extras.cmake
[0.236s] -- Up-to-date: /robot/Automan-hunter/Workspace/ros2_ws/install/hunter_msgs/share/hunter_msgs/cmake/ament_cmake_export_dependencies-extras.cmake
[0.236s] -- Up-to-date: /robot/Automan-hunter/Workspace/ros2_ws/install/hunter_msgs/share/hunter_msgs/cmake/ament_cmake_export_libraries-extras.cmake
[0.236s] -- Up-to-date: /robot/Automan-hunter/Workspace/ros2_ws/install/hunter_msgs/share/hunter_msgs/cmake/ament_cmake_export_targets-extras.cmake
[0.236s] -- Up-to-date: /robot/Automan-hunter/Workspace/ros2_ws/install/hunter_msgs/share/hunter_msgs/cmake/ament_cmake_export_include_directories-extras.cmake
[0.237s] -- Up-to-date: /robot/Automan-hunter/Workspace/ros2_ws/install/hunter_msgs/share/hunter_msgs/cmake/rosidl_cmake_export_typesupport_libraries-extras.cmake
[0.237s] -- Up-to-date: /robot/Automan-hunter/Workspace/ros2_ws/install/hunter_msgs/share/hunter_msgs/cmake/rosidl_cmake_export_typesupport_targets-extras.cmake
[0.237s] -- Up-to-date: /robot/Automan-hunter/Workspace/ros2_ws/install/hunter_msgs/share/hunter_msgs/cmake/hunter_msgsConfig.cmake
[0.237s] -- Up-to-date: /robot/Automan-hunter/Workspace/ros2_ws/install/hunter_msgs/share/hunter_msgs/cmake/hunter_msgsConfig-version.cmake
[0.237s] -- Up-to-date: /robot/Automan-hunter/Workspace/ros2_ws/install/hunter_msgs/share/hunter_msgs/package.xml
[0.239s] Invoked command in '/robot/Automan-hunter/Workspace/ros2_ws/build/hunter_msgs' returned '0': CMAKE_PREFIX_PATH=${CMAKE_PREFIX_PATH}:/opt/ros/foxy /usr/bin/cmake --install /robot/Automan-hunter/Workspace/ros2_ws/build/hunter_msgs
