-- Install configuration: ""
-- Up-to-date: /robot/Automan-hunter/Workspace/ros2_ws/install/hunter_description/share/hunter_description//launch
-- Up-to-date: /robot/Automan-hunter/Workspace/ros2_ws/install/hunter_description/share/hunter_description//launch/hunter_gazebo.launch.py
-- Up-to-date: /robot/Automan-hunter/Workspace/ros2_ws/install/hunter_description/share/hunter_description//launch/hunter_base_description.launch.py
-- Up-to-date: /robot/Automan-hunter/Workspace/ros2_ws/install/hunter_description/share/hunter_description//urdf
-- Up-to-date: /robot/Automan-hunter/Workspace/ros2_ws/install/hunter_description/share/hunter_description//urdf/hunter_v1_ntunav_gazebo.urdf
-- Up-to-date: /robot/Automan-hunter/Workspace/ros2_ws/install/hunter_description/share/hunter_description//urdf/hunter_v1_nav.urdf
-- Up-to-date: /robot/Automan-hunter/Workspace/ros2_ws/install/hunter_description/share/hunter_description//urdf/hunter_v1_nav.xacro
-- Up-to-date: /robot/Automan-hunter/Workspace/ros2_ws/install/hunter_description/share/hunter_description//urdf/hunter_v1_base.xacro
-- Up-to-date: /robot/Automan-hunter/Workspace/ros2_ws/install/hunter_description/share/hunter_description//urdf/hunter_v1_sim.xacro
-- Up-to-date: /robot/Automan-hunter/Workspace/ros2_ws/install/hunter_description/share/hunter_description//urdf/hunter_v1_ntunav.urdf
-- Up-to-date: /robot/Automan-hunter/Workspace/ros2_ws/install/hunter_description/share/hunter_description//urdf/hunter_v1_ntunav.xacro
-- Up-to-date: /robot/Automan-hunter/Workspace/ros2_ws/install/hunter_description/share/hunter_description//urdf/hunter_v1_sim.urdf
-- Installing: /robot/Automan-hunter/Workspace/ros2_ws/install/hunter_description/share/hunter_description//urdf/hunter_v1_ntunav_gazebo.xacro
-- Up-to-date: /robot/Automan-hunter/Workspace/ros2_ws/install/hunter_description/share/hunter_description//meshes
-- Up-to-date: /robot/Automan-hunter/Workspace/ros2_ws/install/hunter_description/share/hunter_description//meshes/wheel_rr.dae
-- Up-to-date: /robot/Automan-hunter/Workspace/ros2_ws/install/hunter_description/share/hunter_description//meshes/base_link.dae
-- Up-to-date: /robot/Automan-hunter/Workspace/ros2_ws/install/hunter_description/share/hunter_description//meshes/hub_shape.stl
-- Up-to-date: /robot/Automan-hunter/Workspace/ros2_ws/install/hunter_description/share/hunter_description//meshes/wheel_rl.dae
-- Up-to-date: /robot/Automan-hunter/Workspace/ros2_ws/install/hunter_description/share/hunter_description//meshes/wheel_fr.dae
-- Up-to-date: /robot/Automan-hunter/Workspace/ros2_ws/install/hunter_description/share/hunter_description//meshes/steer_conn_fl.dae
-- Up-to-date: /robot/Automan-hunter/Workspace/ros2_ws/install/hunter_description/share/hunter_description//meshes/steer_conn_fr.dae
-- Up-to-date: /robot/Automan-hunter/Workspace/ros2_ws/install/hunter_description/share/hunter_description//meshes/wheel_fl.dae
-- Up-to-date: /robot/Automan-hunter/Workspace/ros2_ws/install/hunter_description/share/hunter_description//rviz
-- Up-to-date: /robot/Automan-hunter/Workspace/ros2_ws/install/hunter_description/share/hunter_description//rviz/viz.rviz
-- Up-to-date: /robot/Automan-hunter/Workspace/ros2_ws/install/hunter_description/share/hunter_description//world
-- Up-to-date: /robot/Automan-hunter/Workspace/ros2_ws/install/hunter_description/share/hunter_description//world/my_world.sdf
-- Up-to-date: /robot/Automan-hunter/Workspace/ros2_ws/install/hunter_description/share/ament_index/resource_index/package_run_dependencies/hunter_description
-- Up-to-date: /robot/Automan-hunter/Workspace/ros2_ws/install/hunter_description/share/ament_index/resource_index/parent_prefix_path/hunter_description
-- Up-to-date: /robot/Automan-hunter/Workspace/ros2_ws/install/hunter_description/share/hunter_description/environment/ament_prefix_path.sh
-- Up-to-date: /robot/Automan-hunter/Workspace/ros2_ws/install/hunter_description/share/hunter_description/environment/ament_prefix_path.dsv
-- Up-to-date: /robot/Automan-hunter/Workspace/ros2_ws/install/hunter_description/share/hunter_description/environment/path.sh
-- Up-to-date: /robot/Automan-hunter/Workspace/ros2_ws/install/hunter_description/share/hunter_description/environment/path.dsv
-- Up-to-date: /robot/Automan-hunter/Workspace/ros2_ws/install/hunter_description/share/hunter_description/local_setup.bash
-- Up-to-date: /robot/Automan-hunter/Workspace/ros2_ws/install/hunter_description/share/hunter_description/local_setup.sh
-- Up-to-date: /robot/Automan-hunter/Workspace/ros2_ws/install/hunter_description/share/hunter_description/local_setup.zsh
-- Up-to-date: /robot/Automan-hunter/Workspace/ros2_ws/install/hunter_description/share/hunter_description/local_setup.dsv
-- Installing: /robot/Automan-hunter/Workspace/ros2_ws/install/hunter_description/share/hunter_description/package.dsv
-- Up-to-date: /robot/Automan-hunter/Workspace/ros2_ws/install/hunter_description/share/ament_index/resource_index/packages/hunter_description
-- Up-to-date: /robot/Automan-hunter/Workspace/ros2_ws/install/hunter_description/share/hunter_description/cmake/hunter_descriptionConfig.cmake
-- Up-to-date: /robot/Automan-hunter/Workspace/ros2_ws/install/hunter_description/share/hunter_description/cmake/hunter_descriptionConfig-version.cmake
-- Up-to-date: /robot/Automan-hunter/Workspace/ros2_ws/install/hunter_description/share/hunter_description/package.xml
