[100%] Built target hunter_base_node
-- Install configuration: ""
-- Up-to-date: /robot/Automan-hunter/Workspace/ros2_ws/install/hunter_base/lib/hunter_base/hunter_base_node
-- Up-to-date: /robot/Automan-hunter/Workspace/ros2_ws/install/hunter_base/share/hunter_base//launch
-- Up-to-date: /robot/Automan-hunter/Workspace/ros2_ws/install/hunter_base/share/hunter_base//launch/scout_mini_omni_base.launch.py
-- Up-to-date: /robot/Automan-hunter/Workspace/ros2_ws/install/hunter_base/share/hunter_base//launch/scout_mini_base.launch.py
-- Up-to-date: /robot/Automan-hunter/Workspace/ros2_ws/install/hunter_base/share/hunter_base//launch/scout_base.launch.py
-- Up-to-date: /robot/Automan-hunter/Workspace/ros2_ws/install/hunter_base/share/ament_index/resource_index/package_run_dependencies/hunter_base
-- Up-to-date: /robot/Automan-hunter/Workspace/ros2_ws/install/hunter_base/share/ament_index/resource_index/parent_prefix_path/hunter_base
-- Up-to-date: /robot/Automan-hunter/Workspace/ros2_ws/install/hunter_base/share/hunter_base/environment/ament_prefix_path.sh
-- Up-to-date: /robot/Automan-hunter/Workspace/ros2_ws/install/hunter_base/share/hunter_base/environment/ament_prefix_path.dsv
-- Up-to-date: /robot/Automan-hunter/Workspace/ros2_ws/install/hunter_base/share/hunter_base/environment/path.sh
-- Up-to-date: /robot/Automan-hunter/Workspace/ros2_ws/install/hunter_base/share/hunter_base/environment/path.dsv
-- Up-to-date: /robot/Automan-hunter/Workspace/ros2_ws/install/hunter_base/share/hunter_base/local_setup.bash
-- Up-to-date: /robot/Automan-hunter/Workspace/ros2_ws/install/hunter_base/share/hunter_base/local_setup.sh
-- Up-to-date: /robot/Automan-hunter/Workspace/ros2_ws/install/hunter_base/share/hunter_base/local_setup.zsh
-- Up-to-date: /robot/Automan-hunter/Workspace/ros2_ws/install/hunter_base/share/hunter_base/local_setup.dsv
-- Installing: /robot/Automan-hunter/Workspace/ros2_ws/install/hunter_base/share/hunter_base/package.dsv
-- Up-to-date: /robot/Automan-hunter/Workspace/ros2_ws/install/hunter_base/share/ament_index/resource_index/packages/hunter_base
-- Up-to-date: /robot/Automan-hunter/Workspace/ros2_ws/install/hunter_base/share/hunter_base/cmake/hunter_baseConfig.cmake
-- Up-to-date: /robot/Automan-hunter/Workspace/ros2_ws/install/hunter_base/share/hunter_base/cmake/hunter_baseConfig-version.cmake
-- Up-to-date: /robot/Automan-hunter/Workspace/ros2_ws/install/hunter_base/share/hunter_base/package.xml
