[0.006s] Invoking command in '/robot/Automan-hunter/Workspace/ros2_ws/build/hunter_base': CMAKE_PREFIX_PATH=/robot/Automan-hunter/Workspace/ros2_ws/install/ugv_sdk:/robot/Automan-hunter/Workspace/ros2_ws/install/hunter_msgs:/robot/Automan-hunter/Workspace/ros2_ws/install/hunter_base:/robot/Automan-hunter/Workspace/ros2_ws/install/hunter_description:/opt/ros/foxy LD_LIBRARY_PATH=/robot/Automan-hunter/Workspace/ros2_ws/install/hunter_msgs/lib:/usr/lib/x86_64-linux-gnu/gazebo-11/plugins:/opt/ros/foxy/opt/yaml_cpp_vendor/lib:/opt/ros/foxy/opt/rviz_ogre_vendor/lib:/opt/ros/foxy/lib/x86_64-linux-gnu:/opt/ros/foxy/lib:/usr/local/cuda/lib64:/usr/local/cuda/extras/CUPTI/lib64 /usr/bin/cmake --build /robot/Automan-hunter/Workspace/ros2_ws/build/hunter_base -- -j24 -l24
[0.043s] [100%] Built target hunter_base_node
[0.049s] Invoked command in '/robot/Automan-hunter/Workspace/ros2_ws/build/hunter_base' returned '0': CMAKE_PREFIX_PATH=/robot/Automan-hunter/Workspace/ros2_ws/install/ugv_sdk:/robot/Automan-hunter/Workspace/ros2_ws/install/hunter_msgs:/robot/Automan-hunter/Workspace/ros2_ws/install/hunter_base:/robot/Automan-hunter/Workspace/ros2_ws/install/hunter_description:/opt/ros/foxy LD_LIBRARY_PATH=/robot/Automan-hunter/Workspace/ros2_ws/install/hunter_msgs/lib:/usr/lib/x86_64-linux-gnu/gazebo-11/plugins:/opt/ros/foxy/opt/yaml_cpp_vendor/lib:/opt/ros/foxy/opt/rviz_ogre_vendor/lib:/opt/ros/foxy/lib/x86_64-linux-gnu:/opt/ros/foxy/lib:/usr/local/cuda/lib64:/usr/local/cuda/extras/CUPTI/lib64 /usr/bin/cmake --build /robot/Automan-hunter/Workspace/ros2_ws/build/hunter_base -- -j24 -l24
[0.063s] Invoking command in '/robot/Automan-hunter/Workspace/ros2_ws/build/hunter_base': CMAKE_PREFIX_PATH=/robot/Automan-hunter/Workspace/ros2_ws/install/ugv_sdk:/robot/Automan-hunter/Workspace/ros2_ws/install/hunter_msgs:/robot/Automan-hunter/Workspace/ros2_ws/install/hunter_base:/robot/Automan-hunter/Workspace/ros2_ws/install/hunter_description:/opt/ros/foxy LD_LIBRARY_PATH=/robot/Automan-hunter/Workspace/ros2_ws/install/hunter_msgs/lib:/usr/lib/x86_64-linux-gnu/gazebo-11/plugins:/opt/ros/foxy/opt/yaml_cpp_vendor/lib:/opt/ros/foxy/opt/rviz_ogre_vendor/lib:/opt/ros/foxy/lib/x86_64-linux-gnu:/opt/ros/foxy/lib:/usr/local/cuda/lib64:/usr/local/cuda/extras/CUPTI/lib64 /usr/bin/cmake --install /robot/Automan-hunter/Workspace/ros2_ws/build/hunter_base
[0.067s] -- Install configuration: ""
[0.068s] -- Up-to-date: /robot/Automan-hunter/Workspace/ros2_ws/install/hunter_base/lib/hunter_base/hunter_base_node
[0.068s] -- Up-to-date: /robot/Automan-hunter/Workspace/ros2_ws/install/hunter_base/share/hunter_base//launch
[0.068s] -- Up-to-date: /robot/Automan-hunter/Workspace/ros2_ws/install/hunter_base/share/hunter_base//launch/scout_mini_omni_base.launch.py
[0.068s] -- Up-to-date: /robot/Automan-hunter/Workspace/ros2_ws/install/hunter_base/share/hunter_base//launch/scout_mini_base.launch.py
[0.068s] -- Up-to-date: /robot/Automan-hunter/Workspace/ros2_ws/install/hunter_base/share/hunter_base//launch/scout_base.launch.py
[0.068s] -- Up-to-date: /robot/Automan-hunter/Workspace/ros2_ws/install/hunter_base/share/ament_index/resource_index/package_run_dependencies/hunter_base
[0.068s] -- Up-to-date: /robot/Automan-hunter/Workspace/ros2_ws/install/hunter_base/share/ament_index/resource_index/parent_prefix_path/hunter_base
[0.068s] -- Up-to-date: /robot/Automan-hunter/Workspace/ros2_ws/install/hunter_base/share/hunter_base/environment/ament_prefix_path.sh
[0.068s] -- Up-to-date: /robot/Automan-hunter/Workspace/ros2_ws/install/hunter_base/share/hunter_base/environment/ament_prefix_path.dsv
[0.069s] -- Up-to-date: /robot/Automan-hunter/Workspace/ros2_ws/install/hunter_base/share/hunter_base/environment/path.sh
[0.069s] -- Up-to-date: /robot/Automan-hunter/Workspace/ros2_ws/install/hunter_base/share/hunter_base/environment/path.dsv
[0.069s] -- Up-to-date: /robot/Automan-hunter/Workspace/ros2_ws/install/hunter_base/share/hunter_base/local_setup.bash
[0.069s] -- Up-to-date: /robot/Automan-hunter/Workspace/ros2_ws/install/hunter_base/share/hunter_base/local_setup.sh
[0.069s] -- Up-to-date: /robot/Automan-hunter/Workspace/ros2_ws/install/hunter_base/share/hunter_base/local_setup.zsh
[0.069s] -- Up-to-date: /robot/Automan-hunter/Workspace/ros2_ws/install/hunter_base/share/hunter_base/local_setup.dsv
[0.069s] -- Installing: /robot/Automan-hunter/Workspace/ros2_ws/install/hunter_base/share/hunter_base/package.dsv
[0.069s] -- Up-to-date: /robot/Automan-hunter/Workspace/ros2_ws/install/hunter_base/share/ament_index/resource_index/packages/hunter_base
[0.069s] -- Up-to-date: /robot/Automan-hunter/Workspace/ros2_ws/install/hunter_base/share/hunter_base/cmake/hunter_baseConfig.cmake
[0.069s] -- Up-to-date: /robot/Automan-hunter/Workspace/ros2_ws/install/hunter_base/share/hunter_base/cmake/hunter_baseConfig-version.cmake
[0.069s] -- Up-to-date: /robot/Automan-hunter/Workspace/ros2_ws/install/hunter_base/share/hunter_base/package.xml
[0.071s] Invoked command in '/robot/Automan-hunter/Workspace/ros2_ws/build/hunter_base' returned '0': CMAKE_PREFIX_PATH=/robot/Automan-hunter/Workspace/ros2_ws/install/ugv_sdk:/robot/Automan-hunter/Workspace/ros2_ws/install/hunter_msgs:/robot/Automan-hunter/Workspace/ros2_ws/install/hunter_base:/robot/Automan-hunter/Workspace/ros2_ws/install/hunter_description:/opt/ros/foxy LD_LIBRARY_PATH=/robot/Automan-hunter/Workspace/ros2_ws/install/hunter_msgs/lib:/usr/lib/x86_64-linux-gnu/gazebo-11/plugins:/opt/ros/foxy/opt/yaml_cpp_vendor/lib:/opt/ros/foxy/opt/rviz_ogre_vendor/lib:/opt/ros/foxy/lib/x86_64-linux-gnu:/opt/ros/foxy/lib:/usr/local/cuda/lib64:/usr/local/cuda/extras/CUPTI/lib64 /usr/bin/cmake --install /robot/Automan-hunter/Workspace/ros2_ws/build/hunter_base
