[0.012s] Invoking command in '/robot/Automan-hunter/Workspace/ros2_ws/build/ugv_sdk': /usr/bin/cmake /robot/Automan-hunter/Workspace/ros2_ws/src/ugv_sdk -DCMAKE_INSTALL_PREFIX=/robot/Automan-hunter/Workspace/ros2_ws/install/ugv_sdk
[0.048s] -- The C compiler identification is GNU 9.3.0
[0.083s] -- The CXX compiler identification is GNU 9.3.0
[0.086s] -- Check for working C compiler: /usr/bin/cc
[0.130s] -- Check for working C compiler: /usr/bin/cc -- works
[0.130s] -- Detecting C compiler ABI info
[0.175s] -- Detecting C compiler ABI info - done
[0.182s] -- Detecting C compile features
[0.182s] -- Detecting C compile features - done
[0.184s] -- Check for working CXX compiler: /usr/bin/c++
[0.237s] -- Check for working CXX compiler: /usr/bin/c++ -- works
[0.237s] -- Detecting CXX compiler ABI info
[0.288s] -- Detecting CXX compiler ABI info - done
[0.295s] -- Detecting CXX compile features
[0.295s] -- Detecting CXX compile features - done
[0.296s] -- Build package with cmake
[0.296s] -- Setting build type to 'Release' as none was specified.
[0.296s] -- Tests will not be built
[0.298s] -- Looking for pthread.h
[0.345s] -- Looking for pthread.h - found
[0.345s] -- Performing Test CMAKE_HAVE_LIBC_PTHREAD
[0.390s] -- Performing Test CMAKE_HAVE_LIBC_PTHREAD - Failed
[0.391s] -- Looking for pthread_create in pthreads
[0.429s] -- Looking for pthread_create in pthreads - not found
[0.430s] -- Looking for pthread_create in pthread
[0.474s] -- Looking for pthread_create in pthread - found
[0.475s] -- Found Threads: TRUE  
[0.476s] -- Project will be installed to /robot/Automan-hunter/Workspace/ros2_ws/install/ugv_sdk with 'make install'
[0.476s] --  - To install LIB components to /robot/Automan-hunter/Workspace/ros2_ws/install/ugv_sdk/lib
[0.476s] --  - To install BIN components to /robot/Automan-hunter/Workspace/ros2_ws/install/ugv_sdk/bin
[0.477s] --  - To install INCLUDE components to /robot/Automan-hunter/Workspace/ros2_ws/install/ugv_sdk/include
[0.477s] --  - To install CMAKE components to /robot/Automan-hunter/Workspace/ros2_ws/install/ugv_sdk/share/cmake/ugv_sdk
[0.484s] -- Configuring done
[0.493s] -- Generating done
[0.494s] -- Build files have been written to: /robot/Automan-hunter/Workspace/ros2_ws/build/ugv_sdk
[0.498s] Invoked command in '/robot/Automan-hunter/Workspace/ros2_ws/build/ugv_sdk' returned '0': /usr/bin/cmake /robot/Automan-hunter/Workspace/ros2_ws/src/ugv_sdk -DCMAKE_INSTALL_PREFIX=/robot/Automan-hunter/Workspace/ros2_ws/install/ugv_sdk
[0.499s] Invoking command in '/robot/Automan-hunter/Workspace/ros2_ws/build/ugv_sdk': /usr/bin/cmake --build /robot/Automan-hunter/Workspace/ros2_ws/build/ugv_sdk -- -j24 -l24
[0.525s] [35m[1mScanning dependencies of target ugv_sdk[0m
[0.534s] [  4%] [32mBuilding CXX object CMakeFiles/ugv_sdk.dir/src/utilities/protocol_detector.cpp.o[0m
[0.534s] [  8%] [32mBuilding CXX object CMakeFiles/ugv_sdk.dir/src/mobile_robot/bunker_robot.cpp.o[0m
[0.534s] [ 16%] [32mBuilding CXX object CMakeFiles/ugv_sdk.dir/src/mobile_robot/scout_robot.cpp.o[0m
[0.535s] [ 16%] [32mBuilding CXX object CMakeFiles/ugv_sdk.dir/src/async_port/async_can.cpp.o[0m
[0.535s] [ 20%] [32mBuilding CXX object CMakeFiles/ugv_sdk.dir/src/async_port/async_serial.cpp.o[0m
[0.535s] [ 25%] [32mBuilding C object CMakeFiles/ugv_sdk.dir/src/protocol_v2/agilex_msg_parser_v2.c.o[0m
[0.535s] [ 29%] [32mBuilding C object CMakeFiles/ugv_sdk.dir/src/protocol_v1/agilex_msg_parser_v1.c.o[0m
[0.535s] [ 33%] [32mBuilding CXX object CMakeFiles/ugv_sdk.dir/src/protocol_v2/protocol_v2_parser.cpp.o[0m
[0.536s] [ 37%] [32mBuilding CXX object CMakeFiles/ugv_sdk.dir/src/mobile_robot/hunter_robot.cpp.o[0m
[2.926s] [ 41%] [32m[1mLinking CXX static library lib/libugv_sdk.a[0m
[2.956s] [ 41%] Built target ugv_sdk
[2.964s] [35m[1mScanning dependencies of target demo_scout_mini_omni_robot[0m
[2.964s] [35m[1mScanning dependencies of target demo_ranger_robot[0m
[2.964s] [35m[1mScanning dependencies of target demo_scout_robot[0m
[2.964s] [35m[1mScanning dependencies of target demo_protocol_detector[0m
[2.965s] [35m[1mScanning dependencies of target demo_tracer_robot[0m
[2.965s] [35m[1mScanning dependencies of target demo_hunter_robot[0m
[2.965s] [35m[1mScanning dependencies of target demo_bunker_robot[0m
[2.970s] [ 45%] [32mBuilding CXX object demo/scout_demo/CMakeFiles/demo_scout_robot.dir/scout_robot_demo.cpp.o[0m
[2.972s] [ 50%] [32mBuilding CXX object demo/ranger_demo/CMakeFiles/demo_ranger_robot.dir/ranger_robot_demo.cpp.o[0m
[2.972s] [ 54%] [32mBuilding CXX object demo/scout_demo/CMakeFiles/demo_scout_mini_omni_robot.dir/scout_mini_omni_demo.cpp.o[0m
[2.972s] [ 58%] [32mBuilding CXX object demo/utils_demo/CMakeFiles/demo_protocol_detector.dir/demo_protocol_detector.cpp.o[0m
[2.973s] [ 62%] [32mBuilding CXX object demo/bunker_demo/CMakeFiles/demo_bunker_robot.dir/bunker_robot_demo.cpp.o[0m
[2.974s] [ 66%] [32mBuilding CXX object demo/hunter_demo/CMakeFiles/demo_hunter_robot.dir/hunter_robot_demo.cpp.o[0m
[2.975s] [ 70%] [32mBuilding CXX object demo/tracer_demo/CMakeFiles/demo_tracer_robot.dir/tracer_robot_demo.cpp.o[0m
[3.288s] [ 75%] [32m[1mLinking CXX executable ../../bin/demo_bunker_robot[0m
[3.347s] [ 75%] Built target demo_bunker_robot
[4.141s] [ 79%] [32m[1mLinking CXX executable ../../bin/demo_protocol_detector[0m
[4.167s] [ 83%] [32m[1mLinking CXX executable ../../bin/demo_scout_robot[0m
[4.170s] [ 87%] [32m[1mLinking CXX executable ../../bin/demo_scout_mini_omni_robot[0m
[4.178s] [ 91%] [32m[1mLinking CXX executable ../../bin/demo_hunter_robot[0m
[4.198s] [ 91%] Built target demo_protocol_detector
[4.223s] [ 91%] Built target demo_scout_robot
[4.239s] [ 91%] Built target demo_scout_mini_omni_robot
[4.242s] [ 91%] Built target demo_hunter_robot
[4.520s] [ 95%] [32m[1mLinking CXX executable ../../bin/demo_ranger_robot[0m
[4.527s] [100%] [32m[1mLinking CXX executable ../../bin/demo_tracer_robot[0m
[4.570s] [100%] Built target demo_ranger_robot
[4.581s] [100%] Built target demo_tracer_robot
[4.588s] Invoked command in '/robot/Automan-hunter/Workspace/ros2_ws/build/ugv_sdk' returned '0': /usr/bin/cmake --build /robot/Automan-hunter/Workspace/ros2_ws/build/ugv_sdk -- -j24 -l24
[4.614s] Invoking command in '/robot/Automan-hunter/Workspace/ros2_ws/build/ugv_sdk': /usr/bin/cmake --install /robot/Automan-hunter/Workspace/ros2_ws/build/ugv_sdk
[4.620s] -- Install configuration: "Release"
[4.620s] -- Installing: /robot/Automan-hunter/Workspace/ros2_ws/install/ugv_sdk/lib/libugv_sdk.a
[4.621s] -- Installing: /robot/Automan-hunter/Workspace/ros2_ws/install/ugv_sdk/include/ugv_sdk
[4.621s] -- Installing: /robot/Automan-hunter/Workspace/ros2_ws/install/ugv_sdk/include/ugv_sdk/utilities
[4.621s] -- Installing: /robot/Automan-hunter/Workspace/ros2_ws/install/ugv_sdk/include/ugv_sdk/utilities/protocol_detector.hpp
[4.621s] -- Installing: /robot/Automan-hunter/Workspace/ros2_ws/install/ugv_sdk/include/ugv_sdk/details
[4.621s] -- Installing: /robot/Automan-hunter/Workspace/ros2_ws/install/ugv_sdk/include/ugv_sdk/details/protocol_v1
[4.621s] -- Installing: /robot/Automan-hunter/Workspace/ros2_ws/install/ugv_sdk/include/ugv_sdk/details/protocol_v1/robot_limits.hpp
[4.621s] -- Installing: /robot/Automan-hunter/Workspace/ros2_ws/install/ugv_sdk/include/ugv_sdk/details/protocol_v1/protocol_v1_parser.hpp
[4.621s] -- Installing: /robot/Automan-hunter/Workspace/ros2_ws/install/ugv_sdk/include/ugv_sdk/details/protocol_v1/agilex_msg_parser_v1.h
[4.621s] -- Installing: /robot/Automan-hunter/Workspace/ros2_ws/install/ugv_sdk/include/ugv_sdk/details/interface
[4.621s] -- Installing: /robot/Automan-hunter/Workspace/ros2_ws/install/ugv_sdk/include/ugv_sdk/details/interface/robot_common_interface.hpp
[4.621s] -- Installing: /robot/Automan-hunter/Workspace/ros2_ws/install/ugv_sdk/include/ugv_sdk/details/interface/parser_interface.hpp
[4.621s] -- Installing: /robot/Automan-hunter/Workspace/ros2_ws/install/ugv_sdk/include/ugv_sdk/details/interface/agilex_message.h
[4.621s] -- Installing: /robot/Automan-hunter/Workspace/ros2_ws/install/ugv_sdk/include/ugv_sdk/details/interface/agilex_types.h
[4.622s] -- Installing: /robot/Automan-hunter/Workspace/ros2_ws/install/ugv_sdk/include/ugv_sdk/details/interface/bunker_interface.hpp
[4.622s] -- Installing: /robot/Automan-hunter/Workspace/ros2_ws/install/ugv_sdk/include/ugv_sdk/details/interface/scout_interface.hpp
[4.622s] -- Installing: /robot/Automan-hunter/Workspace/ros2_ws/install/ugv_sdk/include/ugv_sdk/details/interface/tracer_interface.hpp
[4.622s] -- Installing: /robot/Automan-hunter/Workspace/ros2_ws/install/ugv_sdk/include/ugv_sdk/details/interface/ranger_interface.hpp
[4.622s] -- Installing: /robot/Automan-hunter/Workspace/ros2_ws/install/ugv_sdk/include/ugv_sdk/details/interface/hunter_interface.hpp
[4.622s] -- Installing: /robot/Automan-hunter/Workspace/ros2_ws/install/ugv_sdk/include/ugv_sdk/details/async_port
[4.622s] -- Installing: /robot/Automan-hunter/Workspace/ros2_ws/install/ugv_sdk/include/ugv_sdk/details/async_port/ring_buffer.hpp
[4.622s] -- Installing: /robot/Automan-hunter/Workspace/ros2_ws/install/ugv_sdk/include/ugv_sdk/details/async_port/async_port_base.hpp
[4.622s] -- Installing: /robot/Automan-hunter/Workspace/ros2_ws/install/ugv_sdk/include/ugv_sdk/details/async_port/async_serial.hpp
[4.622s] -- Installing: /robot/Automan-hunter/Workspace/ros2_ws/install/ugv_sdk/include/ugv_sdk/details/async_port/async_can.hpp
[4.622s] -- Installing: /robot/Automan-hunter/Workspace/ros2_ws/install/ugv_sdk/include/ugv_sdk/details/protocol_v2
[4.622s] -- Installing: /robot/Automan-hunter/Workspace/ros2_ws/install/ugv_sdk/include/ugv_sdk/details/protocol_v2/protocol_v2_parser.hpp
[4.622s] -- Installing: /robot/Automan-hunter/Workspace/ros2_ws/install/ugv_sdk/include/ugv_sdk/details/robot_base
[4.622s] -- Installing: /robot/Automan-hunter/Workspace/ros2_ws/install/ugv_sdk/include/ugv_sdk/details/robot_base/bunker_base.hpp
[4.622s] -- Installing: /robot/Automan-hunter/Workspace/ros2_ws/install/ugv_sdk/include/ugv_sdk/details/robot_base/hunter_base.hpp
[4.622s] -- Installing: /robot/Automan-hunter/Workspace/ros2_ws/install/ugv_sdk/include/ugv_sdk/details/robot_base/tracer_base.hpp
[4.622s] -- Installing: /robot/Automan-hunter/Workspace/ros2_ws/install/ugv_sdk/include/ugv_sdk/details/robot_base/agilex_base.hpp
[4.622s] -- Installing: /robot/Automan-hunter/Workspace/ros2_ws/install/ugv_sdk/include/ugv_sdk/details/robot_base/scout_base.hpp
[4.622s] -- Installing: /robot/Automan-hunter/Workspace/ros2_ws/install/ugv_sdk/include/ugv_sdk/details/robot_base/ranger_base.hpp
[4.623s] -- Installing: /robot/Automan-hunter/Workspace/ros2_ws/install/ugv_sdk/include/ugv_sdk/mobile_robot
[4.623s] -- Installing: /robot/Automan-hunter/Workspace/ros2_ws/install/ugv_sdk/include/ugv_sdk/mobile_robot/hunter_robot.hpp
[4.623s] -- Installing: /robot/Automan-hunter/Workspace/ros2_ws/install/ugv_sdk/include/ugv_sdk/mobile_robot/bunker_robot.hpp
[4.623s] -- Installing: /robot/Automan-hunter/Workspace/ros2_ws/install/ugv_sdk/include/ugv_sdk/mobile_robot/scout_robot.hpp
[4.623s] -- Installing: /robot/Automan-hunter/Workspace/ros2_ws/install/ugv_sdk/include/ugv_sdk/mobile_robot/ranger_robot.hpp
[4.623s] -- Installing: /robot/Automan-hunter/Workspace/ros2_ws/install/ugv_sdk/include/ugv_sdk/mobile_robot/tracer_robot.hpp
[4.623s] -- Installing: /robot/Automan-hunter/Workspace/ros2_ws/install/ugv_sdk/lib/cmake/ugv_sdk/ugv_sdkTargets.cmake
[4.623s] -- Installing: /robot/Automan-hunter/Workspace/ros2_ws/install/ugv_sdk/lib/cmake/ugv_sdk/ugv_sdkTargets-release.cmake
[4.623s] -- Installing: /robot/Automan-hunter/Workspace/ros2_ws/install/ugv_sdk/lib/cmake/ugv_sdk/ugv_sdkConfig.cmake
[4.623s] -- Installing: /robot/Automan-hunter/Workspace/ros2_ws/install/ugv_sdk/lib/cmake/ugv_sdk/ugv_sdkConfigVersion.cmake
[4.626s] Invoked command in '/robot/Automan-hunter/Workspace/ros2_ws/build/ugv_sdk' returned '0': /usr/bin/cmake --install /robot/Automan-hunter/Workspace/ros2_ws/build/ugv_sdk
