[0.007s] Invoking command in '/robot/Automan-hunter/Workspace/ros2_ws/build/hunter_base': CMAKE_PREFIX_PATH=/robot/Automan-hunter/Workspace/ros2_ws/install/ugv_sdk:/robot/Automan-hunter/Workspace/ros2_ws/install/hunter_msgs:/robot/Automan-hunter/Workspace/ros2_ws/install/hunter_base:/robot/Automan-hunter/Workspace/ros2_ws/install/hunter_description:/opt/ros/foxy LD_LIBRARY_PATH=/robot/Automan-hunter/Workspace/ros2_ws/install/hunter_msgs/lib:/usr/lib/x86_64-linux-gnu/gazebo-11/plugins:/opt/ros/foxy/opt/yaml_cpp_vendor/lib:/opt/ros/foxy/opt/rviz_ogre_vendor/lib:/opt/ros/foxy/lib/x86_64-linux-gnu:/opt/ros/foxy/lib:/usr/local/cuda/lib64:/usr/local/cuda/extras/CUPTI/lib64 /usr/bin/cmake /robot/Automan-hunter/Workspace/ros2_ws/src/hunter_ros2/hunter_base -DCMAKE_INSTALL_PREFIX=/robot/Automan-hunter/Workspace/ros2_ws/install/hunter_base
[0.040s] -- The C compiler identification is GNU 9.3.0
[0.074s] -- The CXX compiler identification is GNU 9.3.0
[0.077s] -- Check for working C compiler: /usr/bin/cc
[0.120s] -- Check for working C compiler: /usr/bin/cc -- works
[0.121s] -- Detecting C compiler ABI info
[0.165s] -- Detecting C compiler ABI info - done
[0.173s] -- Detecting C compile features
[0.173s] -- Detecting C compile features - done
[0.175s] -- Check for working CXX compiler: /usr/bin/c++
[0.225s] -- Check for working CXX compiler: /usr/bin/c++ -- works
[0.226s] -- Detecting CXX compiler ABI info
[0.277s] -- Detecting CXX compiler ABI info - done
[0.285s] -- Detecting CXX compile features
[0.285s] -- Detecting CXX compile features - done
[0.287s] -- Found ament_cmake: 0.9.9 (/opt/ros/foxy/share/ament_cmake/cmake)
[0.302s] -- Found PythonInterp: /usr/bin/python3 (found suitable version "3.8.10", minimum required is "3") 
[0.302s] -- Using PYTHON_EXECUTABLE: /usr/bin/python3
[0.444s] -- Found rclcpp: 2.4.0 (/opt/ros/foxy/share/rclcpp/cmake)
[0.473s] -- Using all available rosidl_typesupport_c: rosidl_typesupport_fastrtps_c;rosidl_typesupport_introspection_c
[0.477s] -- Found rosidl_adapter: 1.2.1 (/opt/ros/foxy/share/rosidl_adapter/cmake)
[0.530s] -- Found OpenSSL: /usr/lib/x86_64-linux-gnu/libcrypto.so (found version "1.1.1f")  
[0.547s] -- Found FastRTPS: /opt/ros/foxy/include  
[0.598s] -- Using all available rosidl_typesupport_cpp: rosidl_typesupport_fastrtps_cpp;rosidl_typesupport_introspection_cpp
[0.636s] -- Found rmw_implementation_cmake: 1.0.3 (/opt/ros/foxy/share/rmw_implementation_cmake/cmake)
[0.637s] -- Using RMW implementation 'rmw_fastrtps_cpp' as default
[0.638s] -- Looking for pthread.h
[0.683s] -- Looking for pthread.h - found
[0.683s] -- Performing Test CMAKE_HAVE_LIBC_PTHREAD
[0.728s] -- Performing Test CMAKE_HAVE_LIBC_PTHREAD - Failed
[0.728s] -- Looking for pthread_create in pthreads
[0.763s] -- Looking for pthread_create in pthreads - not found
[0.763s] -- Looking for pthread_create in pthread
[0.805s] -- Looking for pthread_create in pthread - found
[0.805s] -- Found Threads: TRUE  
[0.912s] -- Found geometry_msgs: 2.0.4 (/opt/ros/foxy/share/geometry_msgs/cmake)
[0.937s] -- Found nav_msgs: 2.0.4 (/opt/ros/foxy/share/nav_msgs/cmake)
[0.988s] -- Found sensor_msgs: 2.0.4 (/opt/ros/foxy/share/sensor_msgs/cmake)
[1.038s] -- Found tf2: 0.13.12 (/opt/ros/foxy/share/tf2/cmake)
[1.046s] -- Found tf2_ros: 0.13.12 (/opt/ros/foxy/share/tf2_ros/cmake)
[1.279s] -- Found hunter_msgs: 0.1.0 (/robot/Automan-hunter/Workspace/ros2_ws/install/hunter_msgs/share/hunter_msgs/cmake)
[1.308s] -- Found ament_lint_auto: 0.9.6 (/opt/ros/foxy/share/ament_lint_auto/cmake)
[1.354s] -- Added test 'copyright' to check source files copyright and LICENSE
[1.355s] -- Added test 'cppcheck' to perform static code analysis on C / C++ code
[1.355s] -- Configured cppcheck include dirs: /robot/Automan-hunter/Workspace/ros2_ws/src/hunter_ros2/hunter_base/include
[1.355s] -- Configured cppcheck exclude dirs and/or files: 
[1.356s] -- Added test 'cpplint' to check C / C++ code against the Google style
[1.356s] -- Configured cpplint exclude dirs and/or files: 
[1.356s] -- Added test 'flake8' to check Python code syntax and style conventions
[1.356s] -- Added test 'lint_cmake' to check CMake code style
[1.357s] -- Added test 'pep257' to check Python code against some of the style conventions in PEP 257
[1.357s] -- Added test 'uncrustify' to check C / C++ code style
[1.357s] -- Configured uncrustify additional arguments: 
[1.358s] -- Added test 'xmllint' to check XML markup files
[1.360s] -- Configuring done
[1.368s] -- Generating done
[1.369s] -- Build files have been written to: /robot/Automan-hunter/Workspace/ros2_ws/build/hunter_base
[1.375s] Invoked command in '/robot/Automan-hunter/Workspace/ros2_ws/build/hunter_base' returned '0': CMAKE_PREFIX_PATH=/robot/Automan-hunter/Workspace/ros2_ws/install/ugv_sdk:/robot/Automan-hunter/Workspace/ros2_ws/install/hunter_msgs:/robot/Automan-hunter/Workspace/ros2_ws/install/hunter_base:/robot/Automan-hunter/Workspace/ros2_ws/install/hunter_description:/opt/ros/foxy LD_LIBRARY_PATH=/robot/Automan-hunter/Workspace/ros2_ws/install/hunter_msgs/lib:/usr/lib/x86_64-linux-gnu/gazebo-11/plugins:/opt/ros/foxy/opt/yaml_cpp_vendor/lib:/opt/ros/foxy/opt/rviz_ogre_vendor/lib:/opt/ros/foxy/lib/x86_64-linux-gnu:/opt/ros/foxy/lib:/usr/local/cuda/lib64:/usr/local/cuda/extras/CUPTI/lib64 /usr/bin/cmake /robot/Automan-hunter/Workspace/ros2_ws/src/hunter_ros2/hunter_base -DCMAKE_INSTALL_PREFIX=/robot/Automan-hunter/Workspace/ros2_ws/install/hunter_base
[1.376s] Invoking command in '/robot/Automan-hunter/Workspace/ros2_ws/build/hunter_base': CMAKE_PREFIX_PATH=/robot/Automan-hunter/Workspace/ros2_ws/install/ugv_sdk:/robot/Automan-hunter/Workspace/ros2_ws/install/hunter_msgs:/robot/Automan-hunter/Workspace/ros2_ws/install/hunter_base:/robot/Automan-hunter/Workspace/ros2_ws/install/hunter_description:/opt/ros/foxy LD_LIBRARY_PATH=/robot/Automan-hunter/Workspace/ros2_ws/install/hunter_msgs/lib:/usr/lib/x86_64-linux-gnu/gazebo-11/plugins:/opt/ros/foxy/opt/yaml_cpp_vendor/lib:/opt/ros/foxy/opt/rviz_ogre_vendor/lib:/opt/ros/foxy/lib/x86_64-linux-gnu:/opt/ros/foxy/lib:/usr/local/cuda/lib64:/usr/local/cuda/extras/CUPTI/lib64 /usr/bin/cmake --build /robot/Automan-hunter/Workspace/ros2_ws/build/hunter_base -- -j24 -l24
[1.402s] [35m[1mScanning dependencies of target hunter_base_node[0m
[1.433s] [ 33%] [32mBuilding CXX object CMakeFiles/hunter_base_node.dir/src/hunter_base_ros.cpp.o[0m
[1.433s] [ 66%] [32mBuilding CXX object CMakeFiles/hunter_base_node.dir/src/hunter_base_node.cpp.o[0m
[6.379s] [100%] [32m[1mLinking CXX executable hunter_base_node[0m
[6.570s] [100%] Built target hunter_base_node
[6.577s] Invoked command in '/robot/Automan-hunter/Workspace/ros2_ws/build/hunter_base' returned '0': CMAKE_PREFIX_PATH=/robot/Automan-hunter/Workspace/ros2_ws/install/ugv_sdk:/robot/Automan-hunter/Workspace/ros2_ws/install/hunter_msgs:/robot/Automan-hunter/Workspace/ros2_ws/install/hunter_base:/robot/Automan-hunter/Workspace/ros2_ws/install/hunter_description:/opt/ros/foxy LD_LIBRARY_PATH=/robot/Automan-hunter/Workspace/ros2_ws/install/hunter_msgs/lib:/usr/lib/x86_64-linux-gnu/gazebo-11/plugins:/opt/ros/foxy/opt/yaml_cpp_vendor/lib:/opt/ros/foxy/opt/rviz_ogre_vendor/lib:/opt/ros/foxy/lib/x86_64-linux-gnu:/opt/ros/foxy/lib:/usr/local/cuda/lib64:/usr/local/cuda/extras/CUPTI/lib64 /usr/bin/cmake --build /robot/Automan-hunter/Workspace/ros2_ws/build/hunter_base -- -j24 -l24
[6.593s] Invoking command in '/robot/Automan-hunter/Workspace/ros2_ws/build/hunter_base': CMAKE_PREFIX_PATH=/robot/Automan-hunter/Workspace/ros2_ws/install/ugv_sdk:/robot/Automan-hunter/Workspace/ros2_ws/install/hunter_msgs:/robot/Automan-hunter/Workspace/ros2_ws/install/hunter_base:/robot/Automan-hunter/Workspace/ros2_ws/install/hunter_description:/opt/ros/foxy LD_LIBRARY_PATH=/robot/Automan-hunter/Workspace/ros2_ws/install/hunter_msgs/lib:/usr/lib/x86_64-linux-gnu/gazebo-11/plugins:/opt/ros/foxy/opt/yaml_cpp_vendor/lib:/opt/ros/foxy/opt/rviz_ogre_vendor/lib:/opt/ros/foxy/lib/x86_64-linux-gnu:/opt/ros/foxy/lib:/usr/local/cuda/lib64:/usr/local/cuda/extras/CUPTI/lib64 /usr/bin/cmake --install /robot/Automan-hunter/Workspace/ros2_ws/build/hunter_base
[6.599s] -- Install configuration: ""
[6.599s] -- Installing: /robot/Automan-hunter/Workspace/ros2_ws/install/hunter_base/lib/hunter_base/hunter_base_node
[6.600s] -- Set runtime path of "/robot/Automan-hunter/Workspace/ros2_ws/install/hunter_base/lib/hunter_base/hunter_base_node" to ""
[6.600s] -- Installing: /robot/Automan-hunter/Workspace/ros2_ws/install/hunter_base/share/hunter_base//launch
[6.601s] -- Installing: /robot/Automan-hunter/Workspace/ros2_ws/install/hunter_base/share/hunter_base//launch/scout_mini_omni_base.launch.py
[6.601s] -- Installing: /robot/Automan-hunter/Workspace/ros2_ws/install/hunter_base/share/hunter_base//launch/scout_mini_base.launch.py
[6.601s] -- Installing: /robot/Automan-hunter/Workspace/ros2_ws/install/hunter_base/share/hunter_base//launch/scout_base.launch.py
[6.601s] -- Installing: /robot/Automan-hunter/Workspace/ros2_ws/install/hunter_base/share/ament_index/resource_index/package_run_dependencies/hunter_base
[6.601s] -- Installing: /robot/Automan-hunter/Workspace/ros2_ws/install/hunter_base/share/ament_index/resource_index/parent_prefix_path/hunter_base
[6.601s] -- Installing: /robot/Automan-hunter/Workspace/ros2_ws/install/hunter_base/share/hunter_base/environment/ament_prefix_path.sh
[6.601s] -- Installing: /robot/Automan-hunter/Workspace/ros2_ws/install/hunter_base/share/hunter_base/environment/ament_prefix_path.dsv
[6.601s] -- Installing: /robot/Automan-hunter/Workspace/ros2_ws/install/hunter_base/share/hunter_base/environment/path.sh
[6.601s] -- Installing: /robot/Automan-hunter/Workspace/ros2_ws/install/hunter_base/share/hunter_base/environment/path.dsv
[6.601s] -- Installing: /robot/Automan-hunter/Workspace/ros2_ws/install/hunter_base/share/hunter_base/local_setup.bash
[6.601s] -- Installing: /robot/Automan-hunter/Workspace/ros2_ws/install/hunter_base/share/hunter_base/local_setup.sh
[6.601s] -- Installing: /robot/Automan-hunter/Workspace/ros2_ws/install/hunter_base/share/hunter_base/local_setup.zsh
[6.601s] -- Installing: /robot/Automan-hunter/Workspace/ros2_ws/install/hunter_base/share/hunter_base/local_setup.dsv
[6.601s] -- Installing: /robot/Automan-hunter/Workspace/ros2_ws/install/hunter_base/share/hunter_base/package.dsv
[6.602s] -- Installing: /robot/Automan-hunter/Workspace/ros2_ws/install/hunter_base/share/ament_index/resource_index/packages/hunter_base
[6.602s] -- Installing: /robot/Automan-hunter/Workspace/ros2_ws/install/hunter_base/share/hunter_base/cmake/hunter_baseConfig.cmake
[6.602s] -- Installing: /robot/Automan-hunter/Workspace/ros2_ws/install/hunter_base/share/hunter_base/cmake/hunter_baseConfig-version.cmake
[6.602s] -- Installing: /robot/Automan-hunter/Workspace/ros2_ws/install/hunter_base/share/hunter_base/package.xml
[6.604s] Invoked command in '/robot/Automan-hunter/Workspace/ros2_ws/build/hunter_base' returned '0': CMAKE_PREFIX_PATH=/robot/Automan-hunter/Workspace/ros2_ws/install/ugv_sdk:/robot/Automan-hunter/Workspace/ros2_ws/install/hunter_msgs:/robot/Automan-hunter/Workspace/ros2_ws/install/hunter_base:/robot/Automan-hunter/Workspace/ros2_ws/install/hunter_description:/opt/ros/foxy LD_LIBRARY_PATH=/robot/Automan-hunter/Workspace/ros2_ws/install/hunter_msgs/lib:/usr/lib/x86_64-linux-gnu/gazebo-11/plugins:/opt/ros/foxy/opt/yaml_cpp_vendor/lib:/opt/ros/foxy/opt/rviz_ogre_vendor/lib:/opt/ros/foxy/lib/x86_64-linux-gnu:/opt/ros/foxy/lib:/usr/local/cuda/lib64:/usr/local/cuda/extras/CUPTI/lib64 /usr/bin/cmake --install /robot/Automan-hunter/Workspace/ros2_ws/build/hunter_base
