[  2%] Built target hunter_msgs__cpp
[ 12%] Built target hunter_msgs__rosidl_generator_c
[ 23%] Built target hunter_msgs__rosidl_typesupport_cpp
[ 33%] Built target hunter_msgs__rosidl_typesupport_introspection_cpp
[ 43%] Built target hunter_msgs__rosidl_typesupport_fastrtps_cpp
[ 53%] Built target hunter_msgs__rosidl_typesupport_c
[ 64%] Built target hunter_msgs__rosidl_typesupport_introspection_c
[ 74%] Built target hunter_msgs__rosidl_typesupport_fastrtps_c
[ 74%] Built target hunter_msgs
[ 76%] Built target hunter_msgs__py
[ 84%] Built target hunter_msgs__python
[ 89%] Built target hunter_msgs__rosidl_typesupport_fastrtps_c__pyext
[ 94%] Built target hunter_msgs__rosidl_typesupport_introspection_c__pyext
[100%] Built target hunter_msgs__rosidl_typesupport_c__pyext
-- Install configuration: ""
-- Up-to-date: /robot/Automan-hunter/Workspace/ros2_ws/install/hunter_msgs/share/ament_index/resource_index/rosidl_interfaces/hunter_msgs
-- Up-to-date: /robot/Automan-hunter/Workspace/ros2_ws/install/hunter_msgs/include/hunter_msgs
-- Up-to-date: /robot/Automan-hunter/Workspace/ros2_ws/install/hunter_msgs/include/hunter_msgs/msg
-- Up-to-date: /robot/Automan-hunter/Workspace/ros2_ws/install/hunter_msgs/include/hunter_msgs/msg/detail
-- Up-to-date: /robot/Automan-hunter/Workspace/ros2_ws/install/hunter_msgs/include/hunter_msgs/msg/detail/hunter_status__type_support.h
-- Up-to-date: /robot/Automan-hunter/Workspace/ros2_ws/install/hunter_msgs/include/hunter_msgs/msg/detail/hunter_status__struct.h
-- Up-to-date: /robot/Automan-hunter/Workspace/ros2_ws/install/hunter_msgs/include/hunter_msgs/msg/detail/hunter_actuator_state__struct.h
-- Up-to-date: /robot/Automan-hunter/Workspace/ros2_ws/install/hunter_msgs/include/hunter_msgs/msg/detail/hunter_actuator_state__functions.c
-- Up-to-date: /robot/Automan-hunter/Workspace/ros2_ws/install/hunter_msgs/include/hunter_msgs/msg/detail/hunter_actuator_state__type_support.h
-- Up-to-date: /robot/Automan-hunter/Workspace/ros2_ws/install/hunter_msgs/include/hunter_msgs/msg/detail/hunter_status__functions.c
-- Up-to-date: /robot/Automan-hunter/Workspace/ros2_ws/install/hunter_msgs/include/hunter_msgs/msg/detail/hunter_status__functions.h
-- Up-to-date: /robot/Automan-hunter/Workspace/ros2_ws/install/hunter_msgs/include/hunter_msgs/msg/detail/hunter_actuator_state__functions.h
-- Up-to-date: /robot/Automan-hunter/Workspace/ros2_ws/install/hunter_msgs/include/hunter_msgs/msg/hunter_actuator_state.h
-- Up-to-date: /robot/Automan-hunter/Workspace/ros2_ws/install/hunter_msgs/include/hunter_msgs/msg/hunter_status.h
-- Up-to-date: /robot/Automan-hunter/Workspace/ros2_ws/install/hunter_msgs/include/hunter_msgs/msg/rosidl_generator_c__visibility_control.h
-- Up-to-date: /robot/Automan-hunter/Workspace/ros2_ws/install/hunter_msgs/share/hunter_msgs/environment/library_path.sh
-- Up-to-date: /robot/Automan-hunter/Workspace/ros2_ws/install/hunter_msgs/share/hunter_msgs/environment/library_path.dsv
-- Up-to-date: /robot/Automan-hunter/Workspace/ros2_ws/install/hunter_msgs/lib/libhunter_msgs__rosidl_generator_c.so
-- Up-to-date: /robot/Automan-hunter/Workspace/ros2_ws/install/hunter_msgs/include/hunter_msgs
-- Up-to-date: /robot/Automan-hunter/Workspace/ros2_ws/install/hunter_msgs/include/hunter_msgs/msg
-- Up-to-date: /robot/Automan-hunter/Workspace/ros2_ws/install/hunter_msgs/include/hunter_msgs/msg/rosidl_typesupport_fastrtps_c__visibility_control.h
-- Up-to-date: /robot/Automan-hunter/Workspace/ros2_ws/install/hunter_msgs/include/hunter_msgs/msg/detail
-- Up-to-date: /robot/Automan-hunter/Workspace/ros2_ws/install/hunter_msgs/include/hunter_msgs/msg/detail/hunter_actuator_state__rosidl_typesupport_fastrtps_c.h
-- Up-to-date: /robot/Automan-hunter/Workspace/ros2_ws/install/hunter_msgs/include/hunter_msgs/msg/detail/hunter_status__rosidl_typesupport_fastrtps_c.h
-- Up-to-date: /robot/Automan-hunter/Workspace/ros2_ws/install/hunter_msgs/lib/libhunter_msgs__rosidl_typesupport_fastrtps_c.so
-- Up-to-date: /robot/Automan-hunter/Workspace/ros2_ws/install/hunter_msgs/include/hunter_msgs
-- Up-to-date: /robot/Automan-hunter/Workspace/ros2_ws/install/hunter_msgs/include/hunter_msgs/msg
-- Up-to-date: /robot/Automan-hunter/Workspace/ros2_ws/install/hunter_msgs/include/hunter_msgs/msg/rosidl_typesupport_fastrtps_cpp__visibility_control.h
-- Up-to-date: /robot/Automan-hunter/Workspace/ros2_ws/install/hunter_msgs/include/hunter_msgs/msg/detail
-- Up-to-date: /robot/Automan-hunter/Workspace/ros2_ws/install/hunter_msgs/include/hunter_msgs/msg/detail/dds_fastrtps
-- Up-to-date: /robot/Automan-hunter/Workspace/ros2_ws/install/hunter_msgs/include/hunter_msgs/msg/detail/hunter_status__rosidl_typesupport_fastrtps_cpp.hpp
-- Up-to-date: /robot/Automan-hunter/Workspace/ros2_ws/install/hunter_msgs/include/hunter_msgs/msg/detail/hunter_actuator_state__rosidl_typesupport_fastrtps_cpp.hpp
-- Up-to-date: /robot/Automan-hunter/Workspace/ros2_ws/install/hunter_msgs/lib/libhunter_msgs__rosidl_typesupport_fastrtps_cpp.so
-- Up-to-date: /robot/Automan-hunter/Workspace/ros2_ws/install/hunter_msgs/include/hunter_msgs
-- Up-to-date: /robot/Automan-hunter/Workspace/ros2_ws/install/hunter_msgs/include/hunter_msgs/msg
-- Up-to-date: /robot/Automan-hunter/Workspace/ros2_ws/install/hunter_msgs/include/hunter_msgs/msg/detail
-- Up-to-date: /robot/Automan-hunter/Workspace/ros2_ws/install/hunter_msgs/include/hunter_msgs/msg/detail/hunter_actuator_state__type_support.c
-- Up-to-date: /robot/Automan-hunter/Workspace/ros2_ws/install/hunter_msgs/include/hunter_msgs/msg/detail/hunter_actuator_state__rosidl_typesupport_introspection_c.h
-- Up-to-date: /robot/Automan-hunter/Workspace/ros2_ws/install/hunter_msgs/include/hunter_msgs/msg/detail/hunter_status__rosidl_typesupport_introspection_c.h
-- Up-to-date: /robot/Automan-hunter/Workspace/ros2_ws/install/hunter_msgs/include/hunter_msgs/msg/detail/hunter_status__type_support.c
-- Up-to-date: /robot/Automan-hunter/Workspace/ros2_ws/install/hunter_msgs/include/hunter_msgs/msg/rosidl_typesupport_introspection_c__visibility_control.h
-- Up-to-date: /robot/Automan-hunter/Workspace/ros2_ws/install/hunter_msgs/lib/libhunter_msgs__rosidl_typesupport_introspection_c.so
-- Up-to-date: /robot/Automan-hunter/Workspace/ros2_ws/install/hunter_msgs/lib/libhunter_msgs__rosidl_typesupport_c.so
-- Up-to-date: /robot/Automan-hunter/Workspace/ros2_ws/install/hunter_msgs/include/hunter_msgs
-- Up-to-date: /robot/Automan-hunter/Workspace/ros2_ws/install/hunter_msgs/include/hunter_msgs/msg
-- Up-to-date: /robot/Automan-hunter/Workspace/ros2_ws/install/hunter_msgs/include/hunter_msgs/msg/detail
-- Up-to-date: /robot/Automan-hunter/Workspace/ros2_ws/install/hunter_msgs/include/hunter_msgs/msg/detail/hunter_actuator_state__builder.hpp
-- Up-to-date: /robot/Automan-hunter/Workspace/ros2_ws/install/hunter_msgs/include/hunter_msgs/msg/detail/hunter_status__builder.hpp
-- Up-to-date: /robot/Automan-hunter/Workspace/ros2_ws/install/hunter_msgs/include/hunter_msgs/msg/detail/hunter_status__struct.hpp
-- Up-to-date: /robot/Automan-hunter/Workspace/ros2_ws/install/hunter_msgs/include/hunter_msgs/msg/detail/hunter_actuator_state__traits.hpp
-- Up-to-date: /robot/Automan-hunter/Workspace/ros2_ws/install/hunter_msgs/include/hunter_msgs/msg/detail/hunter_status__traits.hpp
-- Up-to-date: /robot/Automan-hunter/Workspace/ros2_ws/install/hunter_msgs/include/hunter_msgs/msg/detail/hunter_actuator_state__struct.hpp
-- Up-to-date: /robot/Automan-hunter/Workspace/ros2_ws/install/hunter_msgs/include/hunter_msgs/msg/hunter_actuator_state.hpp
-- Up-to-date: /robot/Automan-hunter/Workspace/ros2_ws/install/hunter_msgs/include/hunter_msgs/msg/hunter_status.hpp
-- Up-to-date: /robot/Automan-hunter/Workspace/ros2_ws/install/hunter_msgs/include/hunter_msgs
-- Up-to-date: /robot/Automan-hunter/Workspace/ros2_ws/install/hunter_msgs/include/hunter_msgs/msg
-- Up-to-date: /robot/Automan-hunter/Workspace/ros2_ws/install/hunter_msgs/include/hunter_msgs/msg/detail
-- Up-to-date: /robot/Automan-hunter/Workspace/ros2_ws/install/hunter_msgs/include/hunter_msgs/msg/detail/hunter_status__rosidl_typesupport_introspection_cpp.hpp
-- Up-to-date: /robot/Automan-hunter/Workspace/ros2_ws/install/hunter_msgs/include/hunter_msgs/msg/detail/hunter_actuator_state__rosidl_typesupport_introspection_cpp.hpp
-- Up-to-date: /robot/Automan-hunter/Workspace/ros2_ws/install/hunter_msgs/include/hunter_msgs/msg/detail/hunter_status__type_support.cpp
-- Up-to-date: /robot/Automan-hunter/Workspace/ros2_ws/install/hunter_msgs/include/hunter_msgs/msg/detail/hunter_actuator_state__type_support.cpp
-- Up-to-date: /robot/Automan-hunter/Workspace/ros2_ws/install/hunter_msgs/lib/libhunter_msgs__rosidl_typesupport_introspection_cpp.so
-- Up-to-date: /robot/Automan-hunter/Workspace/ros2_ws/install/hunter_msgs/lib/libhunter_msgs__rosidl_typesupport_cpp.so
-- Up-to-date: /robot/Automan-hunter/Workspace/ros2_ws/install/hunter_msgs/share/hunter_msgs/environment/pythonpath.sh
-- Up-to-date: /robot/Automan-hunter/Workspace/ros2_ws/install/hunter_msgs/share/hunter_msgs/environment/pythonpath.dsv
-- Up-to-date: /robot/Automan-hunter/Workspace/ros2_ws/install/hunter_msgs/lib/python3.8/site-packages/hunter_msgs/__init__.py
-- Up-to-date: /robot/Automan-hunter/Workspace/ros2_ws/install/hunter_msgs/lib/python3.8/site-packages/hunter_msgs/msg
-- Up-to-date: /robot/Automan-hunter/Workspace/ros2_ws/install/hunter_msgs/lib/python3.8/site-packages/hunter_msgs/msg/_hunter_status.py
-- Up-to-date: /robot/Automan-hunter/Workspace/ros2_ws/install/hunter_msgs/lib/python3.8/site-packages/hunter_msgs/msg/_hunter_actuator_state_s.c
-- Up-to-date: /robot/Automan-hunter/Workspace/ros2_ws/install/hunter_msgs/lib/python3.8/site-packages/hunter_msgs/msg/_hunter_status_s.c
-- Up-to-date: /robot/Automan-hunter/Workspace/ros2_ws/install/hunter_msgs/lib/python3.8/site-packages/hunter_msgs/msg/__init__.py
-- Up-to-date: /robot/Automan-hunter/Workspace/ros2_ws/install/hunter_msgs/lib/python3.8/site-packages/hunter_msgs/msg/_hunter_actuator_state.py
-- Up-to-date: /robot/Automan-hunter/Workspace/ros2_ws/install/hunter_msgs/lib/python3.8/site-packages/hunter_msgs/hunter_msgs_s__rosidl_typesupport_fastrtps_c.cpython-38-x86_64-linux-gnu.so
-- Up-to-date: /robot/Automan-hunter/Workspace/ros2_ws/install/hunter_msgs/lib/python3.8/site-packages/hunter_msgs/hunter_msgs_s__rosidl_typesupport_introspection_c.cpython-38-x86_64-linux-gnu.so
-- Up-to-date: /robot/Automan-hunter/Workspace/ros2_ws/install/hunter_msgs/lib/python3.8/site-packages/hunter_msgs/hunter_msgs_s__rosidl_typesupport_c.cpython-38-x86_64-linux-gnu.so
-- Up-to-date: /robot/Automan-hunter/Workspace/ros2_ws/install/hunter_msgs/lib/libhunter_msgs__python.so
-- Up-to-date: /robot/Automan-hunter/Workspace/ros2_ws/install/hunter_msgs/share/hunter_msgs/msg/HunterActuatorState.idl
-- Up-to-date: /robot/Automan-hunter/Workspace/ros2_ws/install/hunter_msgs/share/hunter_msgs/msg/HunterStatus.idl
-- Up-to-date: /robot/Automan-hunter/Workspace/ros2_ws/install/hunter_msgs/share/hunter_msgs/msg/HunterActuatorState.msg
-- Up-to-date: /robot/Automan-hunter/Workspace/ros2_ws/install/hunter_msgs/share/hunter_msgs/msg/HunterStatus.msg
-- Up-to-date: /robot/Automan-hunter/Workspace/ros2_ws/install/hunter_msgs/share/ament_index/resource_index/package_run_dependencies/hunter_msgs
-- Up-to-date: /robot/Automan-hunter/Workspace/ros2_ws/install/hunter_msgs/share/ament_index/resource_index/parent_prefix_path/hunter_msgs
-- Up-to-date: /robot/Automan-hunter/Workspace/ros2_ws/install/hunter_msgs/share/hunter_msgs/environment/ament_prefix_path.sh
-- Up-to-date: /robot/Automan-hunter/Workspace/ros2_ws/install/hunter_msgs/share/hunter_msgs/environment/ament_prefix_path.dsv
-- Up-to-date: /robot/Automan-hunter/Workspace/ros2_ws/install/hunter_msgs/share/hunter_msgs/environment/path.sh
-- Up-to-date: /robot/Automan-hunter/Workspace/ros2_ws/install/hunter_msgs/share/hunter_msgs/environment/path.dsv
-- Up-to-date: /robot/Automan-hunter/Workspace/ros2_ws/install/hunter_msgs/share/hunter_msgs/local_setup.bash
-- Up-to-date: /robot/Automan-hunter/Workspace/ros2_ws/install/hunter_msgs/share/hunter_msgs/local_setup.sh
-- Up-to-date: /robot/Automan-hunter/Workspace/ros2_ws/install/hunter_msgs/share/hunter_msgs/local_setup.zsh
-- Up-to-date: /robot/Automan-hunter/Workspace/ros2_ws/install/hunter_msgs/share/hunter_msgs/local_setup.dsv
-- Installing: /robot/Automan-hunter/Workspace/ros2_ws/install/hunter_msgs/share/hunter_msgs/package.dsv
-- Up-to-date: /robot/Automan-hunter/Workspace/ros2_ws/install/hunter_msgs/share/ament_index/resource_index/packages/hunter_msgs
-- Up-to-date: /robot/Automan-hunter/Workspace/ros2_ws/install/hunter_msgs/share/hunter_msgs/cmake/hunter_msgs__rosidl_generator_cExport.cmake
-- Up-to-date: /robot/Automan-hunter/Workspace/ros2_ws/install/hunter_msgs/share/hunter_msgs/cmake/hunter_msgs__rosidl_generator_cExport-noconfig.cmake
-- Up-to-date: /robot/Automan-hunter/Workspace/ros2_ws/install/hunter_msgs/share/hunter_msgs/cmake/hunter_msgs__rosidl_typesupport_introspection_cExport.cmake
-- Up-to-date: /robot/Automan-hunter/Workspace/ros2_ws/install/hunter_msgs/share/hunter_msgs/cmake/hunter_msgs__rosidl_typesupport_introspection_cExport-noconfig.cmake
-- Up-to-date: /robot/Automan-hunter/Workspace/ros2_ws/install/hunter_msgs/share/hunter_msgs/cmake/hunter_msgs__rosidl_typesupport_cExport.cmake
-- Up-to-date: /robot/Automan-hunter/Workspace/ros2_ws/install/hunter_msgs/share/hunter_msgs/cmake/hunter_msgs__rosidl_typesupport_cExport-noconfig.cmake
-- Up-to-date: /robot/Automan-hunter/Workspace/ros2_ws/install/hunter_msgs/share/hunter_msgs/cmake/hunter_msgs__rosidl_generator_cppExport.cmake
-- Up-to-date: /robot/Automan-hunter/Workspace/ros2_ws/install/hunter_msgs/share/hunter_msgs/cmake/hunter_msgs__rosidl_typesupport_introspection_cppExport.cmake
-- Up-to-date: /robot/Automan-hunter/Workspace/ros2_ws/install/hunter_msgs/share/hunter_msgs/cmake/hunter_msgs__rosidl_typesupport_introspection_cppExport-noconfig.cmake
-- Up-to-date: /robot/Automan-hunter/Workspace/ros2_ws/install/hunter_msgs/share/hunter_msgs/cmake/hunter_msgs__rosidl_typesupport_cppExport.cmake
-- Up-to-date: /robot/Automan-hunter/Workspace/ros2_ws/install/hunter_msgs/share/hunter_msgs/cmake/hunter_msgs__rosidl_typesupport_cppExport-noconfig.cmake
-- Up-to-date: /robot/Automan-hunter/Workspace/ros2_ws/install/hunter_msgs/share/hunter_msgs/cmake/rosidl_cmake-extras.cmake
-- Up-to-date: /robot/Automan-hunter/Workspace/ros2_ws/install/hunter_msgs/share/hunter_msgs/cmake/ament_cmake_export_dependencies-extras.cmake
-- Up-to-date: /robot/Automan-hunter/Workspace/ros2_ws/install/hunter_msgs/share/hunter_msgs/cmake/ament_cmake_export_libraries-extras.cmake
-- Up-to-date: /robot/Automan-hunter/Workspace/ros2_ws/install/hunter_msgs/share/hunter_msgs/cmake/ament_cmake_export_targets-extras.cmake
-- Up-to-date: /robot/Automan-hunter/Workspace/ros2_ws/install/hunter_msgs/share/hunter_msgs/cmake/ament_cmake_export_include_directories-extras.cmake
-- Up-to-date: /robot/Automan-hunter/Workspace/ros2_ws/install/hunter_msgs/share/hunter_msgs/cmake/rosidl_cmake_export_typesupport_libraries-extras.cmake
-- Up-to-date: /robot/Automan-hunter/Workspace/ros2_ws/install/hunter_msgs/share/hunter_msgs/cmake/rosidl_cmake_export_typesupport_targets-extras.cmake
-- Up-to-date: /robot/Automan-hunter/Workspace/ros2_ws/install/hunter_msgs/share/hunter_msgs/cmake/hunter_msgsConfig.cmake
-- Up-to-date: /robot/Automan-hunter/Workspace/ros2_ws/install/hunter_msgs/share/hunter_msgs/cmake/hunter_msgsConfig-version.cmake
-- Up-to-date: /robot/Automan-hunter/Workspace/ros2_ws/install/hunter_msgs/share/hunter_msgs/package.xml
