[0.012s] Invoking command in '/robot/Automan-hunter/Workspace/ros2_ws/build/hunter_description': CMAKE_PREFIX_PATH=${CMAKE_PREFIX_PATH}:/opt/ros/foxy /usr/bin/cmake /robot/Automan-hunter/Workspace/ros2_ws/src/hunter_ros2/hunter_description -DCMAKE_INSTALL_PREFIX=/robot/Automan-hunter/Workspace/ros2_ws/install/hunter_description
[0.047s] -- The C compiler identification is GNU 9.3.0
[0.081s] -- The CXX compiler identification is GNU 9.3.0
[0.085s] -- Check for working C compiler: /usr/bin/cc
[0.127s] -- Check for working C compiler: /usr/bin/cc -- works
[0.127s] -- Detecting C compiler ABI info
[0.172s] -- Detecting C compiler ABI info - done
[0.179s] -- Detecting C compile features
[0.180s] -- Detecting C compile features - done
[0.181s] -- Check for working CXX compiler: /usr/bin/c++
[0.233s] -- Check for working CXX compiler: /usr/bin/c++ -- works
[0.234s] -- Detecting CXX compiler ABI info
[0.286s] -- Detecting CXX compiler ABI info - done
[0.294s] -- Detecting CXX compile features
[0.295s] -- Detecting CXX compile features - done
[0.296s] -- Found ament_cmake: 0.9.9 (/opt/ros/foxy/share/ament_cmake/cmake)
[0.312s] -- Found PythonInterp: /usr/bin/python3 (found suitable version "3.8.10", minimum required is "3") 
[0.312s] -- Using PYTHON_EXECUTABLE: /usr/bin/python3
[0.494s] -- Configuring done
[0.497s] -- Generating done
[0.497s] -- Build files have been written to: /robot/Automan-hunter/Workspace/ros2_ws/build/hunter_description
[0.498s] Invoked command in '/robot/Automan-hunter/Workspace/ros2_ws/build/hunter_description' returned '0': CMAKE_PREFIX_PATH=${CMAKE_PREFIX_PATH}:/opt/ros/foxy /usr/bin/cmake /robot/Automan-hunter/Workspace/ros2_ws/src/hunter_ros2/hunter_description -DCMAKE_INSTALL_PREFIX=/robot/Automan-hunter/Workspace/ros2_ws/install/hunter_description
[0.499s] Invoking command in '/robot/Automan-hunter/Workspace/ros2_ws/build/hunter_description': CMAKE_PREFIX_PATH=${CMAKE_PREFIX_PATH}:/opt/ros/foxy /usr/bin/cmake --build /robot/Automan-hunter/Workspace/ros2_ws/build/hunter_description -- -j24 -l24
[0.524s] Invoked command in '/robot/Automan-hunter/Workspace/ros2_ws/build/hunter_description' returned '0': CMAKE_PREFIX_PATH=${CMAKE_PREFIX_PATH}:/opt/ros/foxy /usr/bin/cmake --build /robot/Automan-hunter/Workspace/ros2_ws/build/hunter_description -- -j24 -l24
[0.549s] Invoking command in '/robot/Automan-hunter/Workspace/ros2_ws/build/hunter_description': CMAKE_PREFIX_PATH=${CMAKE_PREFIX_PATH}:/opt/ros/foxy /usr/bin/cmake --install /robot/Automan-hunter/Workspace/ros2_ws/build/hunter_description
[0.556s] -- Install configuration: ""
[0.556s] -- Installing: /robot/Automan-hunter/Workspace/ros2_ws/install/hunter_description/share/hunter_description//launch
[0.556s] -- Installing: /robot/Automan-hunter/Workspace/ros2_ws/install/hunter_description/share/hunter_description//launch/hunter_gazebo.launch.py
[0.557s] -- Installing: /robot/Automan-hunter/Workspace/ros2_ws/install/hunter_description/share/hunter_description//launch/hunter_base_description.launch.py
[0.557s] -- Installing: /robot/Automan-hunter/Workspace/ros2_ws/install/hunter_description/share/hunter_description//urdf
[0.557s] -- Installing: /robot/Automan-hunter/Workspace/ros2_ws/install/hunter_description/share/hunter_description//urdf/hunter_v1_ntunav_gazebo.urdf
[0.557s] -- Installing: /robot/Automan-hunter/Workspace/ros2_ws/install/hunter_description/share/hunter_description//urdf/hunter_v1_nav.urdf
[0.557s] -- Installing: /robot/Automan-hunter/Workspace/ros2_ws/install/hunter_description/share/hunter_description//urdf/hunter_v1_nav.xacro
[0.557s] -- Installing: /robot/Automan-hunter/Workspace/ros2_ws/install/hunter_description/share/hunter_description//urdf/hunter_v1_base.xacro
[0.557s] -- Installing: /robot/Automan-hunter/Workspace/ros2_ws/install/hunter_description/share/hunter_description//urdf/hunter_v1_sim.xacro
[0.557s] -- Installing: /robot/Automan-hunter/Workspace/ros2_ws/install/hunter_description/share/hunter_description//urdf/hunter_v1_ntunav.urdf
[0.557s] -- Installing: /robot/Automan-hunter/Workspace/ros2_ws/install/hunter_description/share/hunter_description//urdf/hunter_v1_ntunav.xacro
[0.557s] -- Installing: /robot/Automan-hunter/Workspace/ros2_ws/install/hunter_description/share/hunter_description//urdf/hunter_v1_sim.urdf
[0.557s] -- Installing: /robot/Automan-hunter/Workspace/ros2_ws/install/hunter_description/share/hunter_description//urdf/hunter_v1_ntunav_gazebo.xacro
[0.557s] -- Installing: /robot/Automan-hunter/Workspace/ros2_ws/install/hunter_description/share/hunter_description//meshes
[0.557s] -- Installing: /robot/Automan-hunter/Workspace/ros2_ws/install/hunter_description/share/hunter_description//meshes/wheel_rr.dae
[0.562s] -- Installing: /robot/Automan-hunter/Workspace/ros2_ws/install/hunter_description/share/hunter_description//meshes/base_link.dae
[0.573s] -- Installing: /robot/Automan-hunter/Workspace/ros2_ws/install/hunter_description/share/hunter_description//meshes/hub_shape.stl
[0.573s] -- Installing: /robot/Automan-hunter/Workspace/ros2_ws/install/hunter_description/share/hunter_description//meshes/wheel_rl.dae
[0.579s] -- Installing: /robot/Automan-hunter/Workspace/ros2_ws/install/hunter_description/share/hunter_description//meshes/wheel_fr.dae
[0.586s] -- Installing: /robot/Automan-hunter/Workspace/ros2_ws/install/hunter_description/share/hunter_description//meshes/steer_conn_fl.dae
[0.587s] -- Installing: /robot/Automan-hunter/Workspace/ros2_ws/install/hunter_description/share/hunter_description//meshes/steer_conn_fr.dae
[0.588s] -- Installing: /robot/Automan-hunter/Workspace/ros2_ws/install/hunter_description/share/hunter_description//meshes/wheel_fl.dae
[0.595s] -- Installing: /robot/Automan-hunter/Workspace/ros2_ws/install/hunter_description/share/hunter_description//rviz
[0.595s] -- Installing: /robot/Automan-hunter/Workspace/ros2_ws/install/hunter_description/share/hunter_description//rviz/viz.rviz
[0.595s] -- Installing: /robot/Automan-hunter/Workspace/ros2_ws/install/hunter_description/share/hunter_description//world
[0.596s] -- Installing: /robot/Automan-hunter/Workspace/ros2_ws/install/hunter_description/share/hunter_description//world/my_world.sdf
[0.596s] -- Installing: /robot/Automan-hunter/Workspace/ros2_ws/install/hunter_description/share/ament_index/resource_index/package_run_dependencies/hunter_description
[0.596s] -- Installing: /robot/Automan-hunter/Workspace/ros2_ws/install/hunter_description/share/ament_index/resource_index/parent_prefix_path/hunter_description
[0.596s] -- Installing: /robot/Automan-hunter/Workspace/ros2_ws/install/hunter_description/share/hunter_description/environment/ament_prefix_path.sh
[0.596s] -- Installing: /robot/Automan-hunter/Workspace/ros2_ws/install/hunter_description/share/hunter_description/environment/ament_prefix_path.dsv
[0.596s] -- Installing: /robot/Automan-hunter/Workspace/ros2_ws/install/hunter_description/share/hunter_description/environment/path.sh
[0.596s] -- Installing: /robot/Automan-hunter/Workspace/ros2_ws/install/hunter_description/share/hunter_description/environment/path.dsv
[0.596s] -- Installing: /robot/Automan-hunter/Workspace/ros2_ws/install/hunter_description/share/hunter_description/local_setup.bash
[0.597s] -- Installing: /robot/Automan-hunter/Workspace/ros2_ws/install/hunter_description/share/hunter_description/local_setup.sh
[0.597s] -- Installing: /robot/Automan-hunter/Workspace/ros2_ws/install/hunter_description/share/hunter_description/local_setup.zsh
[0.597s] -- Installing: /robot/Automan-hunter/Workspace/ros2_ws/install/hunter_description/share/hunter_description/local_setup.dsv
[0.597s] -- Installing: /robot/Automan-hunter/Workspace/ros2_ws/install/hunter_description/share/hunter_description/package.dsv
[0.597s] -- Installing: /robot/Automan-hunter/Workspace/ros2_ws/install/hunter_description/share/ament_index/resource_index/packages/hunter_description
[0.597s] -- Installing: /robot/Automan-hunter/Workspace/ros2_ws/install/hunter_description/share/hunter_description/cmake/hunter_descriptionConfig.cmake
[0.597s] -- Installing: /robot/Automan-hunter/Workspace/ros2_ws/install/hunter_description/share/hunter_description/cmake/hunter_descriptionConfig-version.cmake
[0.597s] -- Installing: /robot/Automan-hunter/Workspace/ros2_ws/install/hunter_description/share/hunter_description/package.xml
[0.600s] Invoked command in '/robot/Automan-hunter/Workspace/ros2_ws/build/hunter_description' returned '0': CMAKE_PREFIX_PATH=${CMAKE_PREFIX_PATH}:/opt/ros/foxy /usr/bin/cmake --install /robot/Automan-hunter/Workspace/ros2_ws/build/hunter_description
